<?xml version="1.0" encoding="UTF-8"?>
<coverage generated="1687963111672" clover="3.2.0">
  <project timestamp="1687963111672" name="All files">
    <metrics statements="575" coveredstatements="543" conditionals="188" coveredconditionals="142" methods="129" coveredmethods="117" elements="892" coveredelements="802" complexity="0" loc="575" ncloc="575" packages="26" files="44" classes="44"/>
    <package name="components.autocomplete">
      <metrics statements="115" coveredstatements="115" conditionals="42" coveredconditionals="40" methods="29" coveredmethods="29"/>
      <file name="autocomplete.component.tsx" path="F:\Projects\magister\editor\src\components\autocomplete\autocomplete.component.tsx">
        <metrics statements="114" coveredstatements="114" conditionals="42" coveredconditionals="40" methods="29" coveredmethods="29"/>
        <line num="1" count="2" type="stmt"/>
        <line num="2" count="2" type="stmt"/>
        <line num="3" count="2" type="stmt"/>
        <line num="5" count="2" type="stmt"/>
        <line num="17" count="2" type="stmt"/>
        <line num="18" count="62" type="stmt"/>
        <line num="19" count="62" type="stmt"/>
        <line num="20" count="62" type="stmt"/>
        <line num="21" count="62" type="stmt"/>
        <line num="22" count="62" type="stmt"/>
        <line num="24" count="62" type="stmt"/>
        <line num="25" count="62" type="stmt"/>
        <line num="26" count="62" type="stmt"/>
        <line num="27" count="62" type="stmt"/>
        <line num="28" count="62" type="stmt"/>
        <line num="29" count="62" type="stmt"/>
        <line num="31" count="62" type="stmt"/>
        <line num="32" count="2" type="stmt"/>
        <line num="33" count="2" type="stmt"/>
        <line num="34" count="2" type="cond" truecount="3" falsecount="1"/>
        <line num="37" count="62" type="stmt"/>
        <line num="38" count="32" type="cond" truecount="2" falsecount="0"/>
        <line num="40" count="32" type="stmt"/>
        <line num="45" count="2" type="stmt"/>
        <line num="52" count="62" type="stmt"/>
        <line num="54" count="62" type="stmt"/>
        <line num="55" count="9" type="stmt"/>
        <line num="56" count="9" type="stmt"/>
        <line num="58" count="9" type="stmt"/>
        <line num="59" count="26" type="cond" truecount="1" falsecount="0"/>
        <line num="60" count="2" type="stmt"/>
        <line num="63" count="24" type="stmt"/>
        <line num="64" count="24" type="stmt"/>
        <line num="67" count="9" type="stmt"/>
        <line num="72" count="9" type="stmt"/>
        <line num="75" count="62" type="stmt"/>
        <line num="76" count="28" type="stmt"/>
        <line num="77" count="28" type="stmt"/>
        <line num="79" count="28" type="cond" truecount="3" falsecount="0"/>
        <line num="80" count="12" type="stmt"/>
        <line num="83" count="16" type="stmt"/>
        <line num="84" count="16" type="stmt"/>
        <line num="85" count="64" type="stmt"/>
        <line num="86" count="16" type="stmt"/>
        <line num="87" count="16" type="stmt"/>
        <line num="90" count="62" type="stmt"/>
        <line num="95" count="62" type="stmt"/>
        <line num="96" count="8" type="stmt"/>
        <line num="97" count="28" type="stmt"/>
        <line num="98" count="26" type="stmt"/>
        <line num="99" count="28" type="stmt"/>
        <line num="101" count="62" type="stmt"/>
        <line num="103" count="10" type="stmt"/>
        <line num="104" count="10" type="stmt"/>
        <line num="106" count="10" type="cond" truecount="1" falsecount="0"/>
        <line num="107" count="1" type="stmt"/>
        <line num="108" count="1" type="stmt"/>
        <line num="109" count="1" type="stmt"/>
        <line num="112" count="9" type="stmt"/>
        <line num="114" count="9" type="cond" truecount="1" falsecount="0"/>
        <line num="115" count="1" type="stmt"/>
        <line num="118" count="12" type="stmt"/>
        <line num="119" count="8" type="stmt"/>
        <line num="120" count="8" type="cond" truecount="1" falsecount="1"/>
        <line num="121" count="8" type="stmt"/>
        <line num="122" count="8" type="stmt"/>
        <line num="129" count="62" type="stmt"/>
        <line num="131" count="1" type="stmt"/>
        <line num="132" count="1" type="stmt"/>
        <line num="133" count="1" type="stmt"/>
        <line num="138" count="62" type="stmt"/>
        <line num="140" count="2" type="stmt"/>
        <line num="142" count="2" type="stmt"/>
        <line num="144" count="2" type="cond" truecount="1" falsecount="0"/>
        <line num="145" count="1" type="stmt"/>
        <line num="148" count="2" type="stmt"/>
        <line num="153" count="62" type="stmt"/>
        <line num="155" count="3" type="stmt"/>
        <line num="157" count="3" type="stmt"/>
        <line num="159" count="3" type="cond" truecount="1" falsecount="0"/>
        <line num="160" count="1" type="stmt"/>
        <line num="163" count="3" type="stmt"/>
        <line num="168" count="62" type="stmt"/>
        <line num="170" count="1" type="stmt"/>
        <line num="171" count="1" type="stmt"/>
        <line num="176" count="62" type="stmt"/>
        <line num="178" count="1" type="stmt"/>
        <line num="179" count="1" type="stmt"/>
        <line num="184" count="62" type="stmt"/>
        <line num="186" count="9" type="cond" truecount="2" falsecount="0"/>
        <line num="187" count="7" type="cond" truecount="1" falsecount="0"/>
        <line num="188" count="1" type="stmt"/>
        <line num="191" count="7" type="cond" truecount="1" falsecount="0"/>
        <line num="192" count="2" type="stmt"/>
        <line num="195" count="7" type="cond" truecount="1" falsecount="0"/>
        <line num="196" count="3" type="stmt"/>
        <line num="199" count="7" type="cond" truecount="1" falsecount="0"/>
        <line num="200" count="1" type="stmt"/>
        <line num="203" count="2" type="cond" truecount="3" falsecount="0"/>
        <line num="204" count="1" type="stmt"/>
        <line num="211" count="62" type="stmt"/>
        <line num="212" count="46" type="stmt"/>
        <line num="214" count="46" type="stmt"/>
        <line num="215" count="46" type="stmt"/>
        <line num="219" count="62" type="stmt"/>
        <line num="220" count="23" type="cond" truecount="1" falsecount="0"/>
        <line num="221" count="8" type="stmt"/>
        <line num="224" count="15" type="stmt"/>
        <line num="227" count="62" type="stmt"/>
        <line num="229" count="62" type="cond" truecount="8" falsecount="0"/>
        <line num="231" count="62" type="cond" truecount="8" falsecount="0"/>
        <line num="233" count="62" type="stmt"/>
        <line num="238" count="62" type="stmt"/>
        <line num="252" count="2" type="stmt"/>
      </file>
      <file name="autocomplete.module.css" path="F:\Projects\magister\editor\src\components\autocomplete\autocomplete.module.css">
        <metrics statements="1" coveredstatements="1" conditionals="0" coveredconditionals="0" methods="0" coveredmethods="0"/>
        <line num="1" count="2" type="stmt"/>
      </file>
    </package>
    <package name="components.button">
      <metrics statements="22" coveredstatements="22" conditionals="6" coveredconditionals="6" methods="3" coveredmethods="3"/>
      <file name="button.component.tsx" path="F:\Projects\magister\editor\src\components\button\button.component.tsx">
        <metrics statements="21" coveredstatements="21" conditionals="6" coveredconditionals="6" methods="3" coveredmethods="3"/>
        <line num="1" count="3" type="stmt"/>
        <line num="2" count="3" type="stmt"/>
        <line num="3" count="3" type="stmt"/>
        <line num="4" count="3" type="stmt"/>
        <line num="5" count="3" type="stmt"/>
        <line num="17" count="3" type="stmt"/>
        <line num="18" count="21" type="stmt"/>
        <line num="19" count="21" type="cond" truecount="1" falsecount="0"/>
        <line num="20" count="2" type="stmt"/>
        <line num="29" count="19" type="cond" truecount="3" falsecount="0"/>
        <line num="31" count="17" type="stmt"/>
        <line num="44" count="1" type="stmt"/>
        <line num="57" count="1" type="stmt"/>
        <line num="68" count="21" type="stmt"/>
        <line num="69" count="21" type="cond" truecount="1" falsecount="0"/>
        <line num="70" count="3" type="stmt"/>
        <line num="73" count="18" type="cond" truecount="1" falsecount="0"/>
        <line num="74" count="3" type="stmt"/>
        <line num="80" count="15" type="stmt"/>
        <line num="83" count="21" type="stmt"/>
        <line num="90" count="3" type="stmt"/>
      </file>
      <file name="button.module.css" path="F:\Projects\magister\editor\src\components\button\button.module.css">
        <metrics statements="1" coveredstatements="1" conditionals="0" coveredconditionals="0" methods="0" coveredmethods="0"/>
        <line num="1" count="3" type="stmt"/>
      </file>
    </package>
    <package name="components.button-group">
      <metrics statements="4" coveredstatements="4" conditionals="0" coveredconditionals="0" methods="1" coveredmethods="1"/>
      <file name="button-group.module.css" path="F:\Projects\magister\editor\src\components\button-group\button-group.module.css">
        <metrics statements="1" coveredstatements="1" conditionals="0" coveredconditionals="0" methods="0" coveredmethods="0"/>
        <line num="1" count="1" type="stmt"/>
      </file>
      <file name="button-group.tsx" path="F:\Projects\magister\editor\src\components\button-group\button-group.tsx">
        <metrics statements="3" coveredstatements="3" conditionals="0" coveredconditionals="0" methods="1" coveredmethods="1"/>
        <line num="1" count="1" type="stmt"/>
        <line num="2" count="1" type="stmt"/>
        <line num="4" count="2" type="stmt"/>
      </file>
    </package>
    <package name="components.button.types">
      <metrics statements="3" coveredstatements="3" conditionals="2" coveredconditionals="2" methods="1" coveredmethods="1"/>
      <file name="button-icon-placement.enum.ts" path="F:\Projects\magister\editor\src\components\button\types\button-icon-placement.enum.ts">
        <metrics statements="3" coveredstatements="3" conditionals="2" coveredconditionals="2" methods="1" coveredmethods="1"/>
        <line num="1" count="3" type="cond" truecount="2" falsecount="0"/>
        <line num="2" count="3" type="stmt"/>
        <line num="3" count="3" type="stmt"/>
      </file>
    </package>
    <package name="components.code-editor">
      <metrics statements="80" coveredstatements="61" conditionals="56" coveredconditionals="32" methods="16" coveredmethods="8"/>
      <file name="code-editor.module.css" path="F:\Projects\magister\editor\src\components\code-editor\code-editor.module.css">
        <metrics statements="1" coveredstatements="1" conditionals="0" coveredconditionals="0" methods="0" coveredmethods="0"/>
        <line num="1" count="1" type="stmt"/>
      </file>
      <file name="code-editor.tsx" path="F:\Projects\magister\editor\src\components\code-editor\code-editor.tsx">
        <metrics statements="79" coveredstatements="60" conditionals="56" coveredconditionals="32" methods="16" coveredmethods="8"/>
        <line num="1" count="1" type="stmt"/>
        <line num="2" count="1" type="stmt"/>
        <line num="3" count="1" type="stmt"/>
        <line num="4" count="1" type="stmt"/>
        <line num="5" count="1" type="stmt"/>
        <line num="6" count="1" type="stmt"/>
        <line num="7" count="1" type="stmt"/>
        <line num="8" count="1" type="stmt"/>
        <line num="9" count="1" type="stmt"/>
        <line num="10" count="1" type="stmt"/>
        <line num="11" count="1" type="stmt"/>
        <line num="13" count="1" type="stmt"/>
        <line num="14" count="1" type="stmt"/>
        <line num="15" count="1" type="stmt"/>
        <line num="16" count="1" type="stmt"/>
        <line num="17" count="1" type="stmt"/>
        <line num="24" count="1" type="stmt"/>
        <line num="25" count="5" type="stmt"/>
        <line num="26" count="5" type="stmt"/>
        <line num="27" count="5" type="stmt"/>
        <line num="28" count="5" type="stmt"/>
        <line num="29" count="5" type="stmt"/>
        <line num="30" count="5" type="stmt"/>
        <line num="31" count="5" type="stmt"/>
        <line num="32" count="5" type="stmt"/>
        <line num="34" count="5" type="stmt"/>
        <line num="35" count="1" type="stmt"/>
        <line num="36" count="1" type="stmt"/>
        <line num="37" count="1" type="stmt"/>
        <line num="38" count="1" type="stmt"/>
        <line num="39" count="1" type="stmt"/>
        <line num="42" count="5" type="stmt"/>
        <line num="44" count="5" type="stmt"/>
        <line num="45" count="1" type="stmt"/>
        <line num="46" count="1" type="stmt"/>
        <line num="47" count="1" type="stmt"/>
        <line num="50" count="5" type="stmt"/>
        <line num="51" count="1" type="cond" truecount="0" falsecount="1"/>
        <line num="52" count="0" type="stmt"/>
        <line num="55" count="1" type="stmt"/>
        <line num="56" count="1" type="stmt"/>
        <line num="59" count="5" type="stmt"/>
        <line num="60" count="0" type="cond" truecount="0" falsecount="1"/>
        <line num="61" count="0" type="stmt"/>
        <line num="64" count="0" type="stmt"/>
        <line num="66" count="0" type="cond" truecount="0" falsecount="1"/>
        <line num="67" count="0" type="stmt"/>
        <line num="68" count="0" type="stmt"/>
        <line num="69" count="0" type="stmt"/>
        <line num="72" count="0" type="stmt"/>
        <line num="73" count="0" type="stmt"/>
        <line num="76" count="5" type="stmt"/>
        <line num="77" count="0" type="cond" truecount="0" falsecount="3"/>
        <line num="78" count="0" type="stmt"/>
        <line num="81" count="0" type="stmt"/>
        <line num="82" count="0" type="stmt"/>
        <line num="85" count="5" type="stmt"/>
        <line num="86" count="2" type="stmt"/>
        <line num="88" count="2" type="cond" truecount="0" falsecount="1"/>
        <line num="89" count="0" type="stmt"/>
        <line num="92" count="2" type="cond" truecount="3" falsecount="1"/>
        <line num="94" count="2" type="stmt"/>
        <line num="95" count="2" type="stmt"/>
        <line num="96" count="2" type="stmt"/>
        <line num="98" count="2" type="stmt"/>
        <line num="99" count="2" type="stmt"/>
        <line num="100" count="2" type="stmt"/>
        <line num="102" count="2" type="stmt"/>
        <line num="103" count="2" type="stmt"/>
        <line num="104" count="2" type="stmt"/>
        <line num="105" count="2" type="stmt"/>
        <line num="109" count="5" type="stmt"/>
        <line num="110" count="2" type="cond" truecount="1" falsecount="0"/>
        <line num="111" count="2" type="stmt"/>
        <line num="114" count="0" type="stmt"/>
        <line num="117" count="5" type="stmt"/>
        <line num="129" count="0" type="stmt"/>
        <line num="145" count="0" type="stmt"/>
        <line num="172" count="0" type="stmt"/>
      </file>
    </package>
    <package name="components.code-editor.types">
      <metrics statements="4" coveredstatements="4" conditionals="2" coveredconditionals="2" methods="1" coveredmethods="1"/>
      <file name="caret-data.ts" path="F:\Projects\magister\editor\src\components\code-editor\types\caret-data.ts">
        <metrics statements="1" coveredstatements="1" conditionals="0" coveredconditionals="0" methods="0" coveredmethods="0"/>
        <line num="11" count="2" type="stmt"/>
      </file>
      <file name="code-editor-view-type.ts" path="F:\Projects\magister\editor\src\components\code-editor\types\code-editor-view-type.ts">
        <metrics statements="3" coveredstatements="3" conditionals="2" coveredconditionals="2" methods="1" coveredmethods="1"/>
        <line num="1" count="2" type="cond" truecount="2" falsecount="0"/>
        <line num="2" count="2" type="stmt"/>
        <line num="3" count="2" type="stmt"/>
      </file>
    </package>
    <package name="components.errors-list">
      <metrics statements="22" coveredstatements="22" conditionals="3" coveredconditionals="3" methods="4" coveredmethods="4"/>
      <file name="errors-list-item.tsx" path="F:\Projects\magister\editor\src\components\errors-list\errors-list-item.tsx">
        <metrics statements="6" coveredstatements="6" conditionals="0" coveredconditionals="0" methods="2" coveredmethods="2"/>
        <line num="1" count="3" type="stmt"/>
        <line num="2" count="3" type="stmt"/>
        <line num="10" count="3" type="stmt"/>
        <line num="11" count="4" type="stmt"/>
        <line num="12" count="4" type="stmt"/>
        <line num="14" count="4" type="stmt"/>
      </file>
      <file name="errors-list.module.css" path="F:\Projects\magister\editor\src\components\errors-list\errors-list.module.css">
        <metrics statements="1" coveredstatements="1" conditionals="0" coveredconditionals="0" methods="0" coveredmethods="0"/>
        <line num="1" count="3" type="stmt"/>
      </file>
      <file name="errors-list.tsx" path="F:\Projects\magister\editor\src\components\errors-list\errors-list.tsx">
        <metrics statements="15" coveredstatements="15" conditionals="3" coveredconditionals="3" methods="2" coveredmethods="2"/>
        <line num="1" count="2" type="stmt"/>
        <line num="2" count="2" type="stmt"/>
        <line num="4" count="2" type="stmt"/>
        <line num="5" count="2" type="stmt"/>
        <line num="6" count="2" type="stmt"/>
        <line num="7" count="2" type="stmt"/>
        <line num="15" count="2" type="stmt"/>
        <line num="16" count="9" type="cond" truecount="1" falsecount="0"/>
        <line num="17" count="4" type="stmt"/>
        <line num="27" count="5" type="cond" truecount="1" falsecount="0"/>
        <line num="28" count="1" type="stmt"/>
        <line num="38" count="4" type="cond" truecount="1" falsecount="0"/>
        <line num="39" count="3" type="stmt"/>
        <line num="49" count="1" type="stmt"/>
        <line num="59" count="2" type="stmt"/>
      </file>
    </package>
    <package name="components.examples-list">
      <metrics statements="51" coveredstatements="51" conditionals="3" coveredconditionals="3" methods="16" coveredmethods="16"/>
      <file name="example-code.tsx" path="F:\Projects\magister\editor\src\components\examples-list\example-code.tsx">
        <metrics statements="15" coveredstatements="15" conditionals="0" coveredconditionals="0" methods="5" coveredmethods="5"/>
        <line num="1" count="4" type="stmt"/>
        <line num="2" count="4" type="stmt"/>
        <line num="3" count="4" type="stmt"/>
        <line num="4" count="4" type="stmt"/>
        <line num="5" count="4" type="stmt"/>
        <line num="13" count="4" type="stmt"/>
        <line num="14" count="4" type="stmt"/>
        <line num="16" count="4" type="stmt"/>
        <line num="17" count="54" type="stmt"/>
        <line num="24" count="39" type="stmt"/>
        <line num="32" count="8" type="stmt"/>
        <line num="34" count="17" type="stmt"/>
        <line num="38" count="39" type="stmt"/>
        <line num="39" count="39" type="stmt"/>
        <line num="41" count="39" type="stmt"/>
      </file>
      <file name="example-element.tsx" path="F:\Projects\magister\editor\src\components\examples-list\example-element.tsx">
        <metrics statements="5" coveredstatements="5" conditionals="0" coveredconditionals="0" methods="2" coveredmethods="2"/>
        <line num="1" count="3" type="stmt"/>
        <line num="3" count="3" type="stmt"/>
        <line num="5" count="3" type="stmt"/>
        <line num="13" count="34" type="stmt"/>
        <line num="14" count="2" type="stmt"/>
      </file>
      <file name="examples-list.module.css" path="F:\Projects\magister\editor\src\components\examples-list\examples-list.module.css">
        <metrics statements="1" coveredstatements="1" conditionals="0" coveredconditionals="0" methods="0" coveredmethods="0"/>
        <line num="1" count="4" type="stmt"/>
      </file>
      <file name="examples-list.tsx" path="F:\Projects\magister\editor\src\components\examples-list\examples-list.tsx">
        <metrics statements="30" coveredstatements="30" conditionals="3" coveredconditionals="3" methods="9" coveredmethods="9"/>
        <line num="1" count="2" type="stmt"/>
        <line num="3" count="2" type="stmt"/>
        <line num="4" count="2" type="stmt"/>
        <line num="6" count="2" type="stmt"/>
        <line num="7" count="2" type="stmt"/>
        <line num="8" count="2" type="stmt"/>
        <line num="19" count="2" type="stmt"/>
        <line num="25" count="2" type="stmt"/>
        <line num="26" count="21" type="stmt"/>
        <line num="27" count="21" type="stmt"/>
        <line num="28" count="21" type="stmt"/>
        <line num="29" count="21" type="stmt"/>
        <line num="31" count="21" type="stmt"/>
        <line num="33" count="21" type="stmt"/>
        <line num="34" count="8" type="stmt"/>
        <line num="35" count="8" type="stmt"/>
        <line num="36" count="8" type="stmt"/>
        <line num="39" count="21" type="stmt"/>
        <line num="40" count="1" type="stmt"/>
        <line num="41" count="1" type="stmt"/>
        <line num="44" count="21" type="stmt"/>
        <line num="45" count="10" type="cond" truecount="1" falsecount="0"/>
        <line num="46" count="9" type="stmt"/>
        <line num="47" count="9" type="stmt"/>
        <line num="50" count="1" type="stmt"/>
        <line num="51" count="1" type="stmt"/>
        <line num="54" count="21" type="stmt"/>
        <line num="63" count="3" type="stmt"/>
        <line num="72" count="31" type="stmt"/>
        <line num="77" count="1" type="stmt"/>
      </file>
    </package>
    <package name="components.parse-tree">
      <metrics statements="25" coveredstatements="24" conditionals="25" coveredconditionals="19" methods="3" coveredmethods="3"/>
      <file name="parse-tree-view-options.ts" path="F:\Projects\magister\editor\src\components\parse-tree\parse-tree-view-options.ts">
        <metrics statements="1" coveredstatements="1" conditionals="0" coveredconditionals="0" methods="0" coveredmethods="0"/>
        <line num="3" count="2" type="stmt"/>
      </file>
      <file name="parse-tree-view.tsx" path="F:\Projects\magister\editor\src\components\parse-tree\parse-tree-view.tsx">
        <metrics statements="23" coveredstatements="22" conditionals="25" coveredconditionals="19" methods="3" coveredmethods="3"/>
        <line num="1" count="2" type="stmt"/>
        <line num="2" count="2" type="stmt"/>
        <line num="4" count="2" type="stmt"/>
        <line num="5" count="2" type="stmt"/>
        <line num="6" count="2" type="stmt"/>
        <line num="7" count="2" type="stmt"/>
        <line num="14" count="20" type="stmt"/>
        <line num="15" count="20" type="stmt"/>
        <line num="16" count="20" type="stmt"/>
        <line num="17" count="20" type="stmt"/>
        <line num="19" count="20" type="stmt"/>
        <line num="20" count="20" type="cond" truecount="0" falsecount="1"/>
        <line num="21" count="0" type="stmt"/>
        <line num="24" count="20" type="cond" truecount="2" falsecount="2"/>
        <line num="25" count="20" type="stmt"/>
        <line num="26" count="40" type="stmt"/>
        <line num="27" count="20" type="stmt"/>
        <line num="28" count="20" type="cond" truecount="3" falsecount="1"/>
        <line num="29" count="20" type="cond" truecount="3" falsecount="1"/>
        <line num="31" count="20" type="stmt"/>
        <line num="32" count="20" type="cond" truecount="3" falsecount="1"/>
        <line num="33" count="20" type="stmt"/>
        <line num="37" count="20" type="stmt"/>
      </file>
      <file name="parse-tree.module.css" path="F:\Projects\magister\editor\src\components\parse-tree\parse-tree.module.css">
        <metrics statements="1" coveredstatements="1" conditionals="0" coveredconditionals="0" methods="0" coveredmethods="0"/>
        <line num="1" count="2" type="stmt"/>
      </file>
    </package>
    <package name="components.share-button">
      <metrics statements="28" coveredstatements="28" conditionals="3" coveredconditionals="3" methods="6" coveredmethods="6"/>
      <file name="share-button.tsx" path="F:\Projects\magister\editor\src\components\share-button\share-button.tsx">
        <metrics statements="28" coveredstatements="28" conditionals="3" coveredconditionals="3" methods="6" coveredmethods="6"/>
        <line num="1" count="2" type="stmt"/>
        <line num="2" count="2" type="stmt"/>
        <line num="4" count="2" type="stmt"/>
        <line num="5" count="2" type="stmt"/>
        <line num="11" count="2" type="stmt"/>
        <line num="12" count="14" type="stmt"/>
        <line num="13" count="14" type="stmt"/>
        <line num="14" count="14" type="stmt"/>
        <line num="16" count="14" type="stmt"/>
        <line num="17" count="2" type="stmt"/>
        <line num="25" count="2" type="stmt"/>
        <line num="27" count="16" type="stmt"/>
        <line num="28" count="2" type="stmt"/>
        <line num="29" count="2" type="stmt"/>
        <line num="30" count="2" type="stmt"/>
        <line num="31" count="2" type="stmt"/>
        <line num="33" count="2" type="cond" truecount="1" falsecount="0"/>
        <line num="34" count="1" type="stmt"/>
        <line num="37" count="2" type="cond" truecount="2" falsecount="0"/>
        <line num="38" count="1" type="stmt"/>
        <line num="40" count="1" type="stmt"/>
        <line num="43" count="2" type="stmt"/>
        <line num="44" count="4" type="stmt"/>
        <line num="45" count="2" type="stmt"/>
        <line num="46" count="2" type="stmt"/>
        <line num="49" count="14" type="stmt"/>
        <line num="50" count="9" type="stmt"/>
        <line num="53" count="14" type="stmt"/>
      </file>
    </package>
    <package name="components.view-select">
      <metrics statements="10" coveredstatements="10" conditionals="2" coveredconditionals="2" methods="4" coveredmethods="4"/>
      <file name="view-select.module.css" path="F:\Projects\magister\editor\src\components\view-select\view-select.module.css">
        <metrics statements="1" coveredstatements="1" conditionals="0" coveredconditionals="0" methods="0" coveredmethods="0"/>
        <line num="1" count="2" type="stmt"/>
      </file>
      <file name="view-select.tsx" path="F:\Projects\magister\editor\src\components\view-select\view-select.tsx">
        <metrics statements="9" coveredstatements="9" conditionals="2" coveredconditionals="2" methods="4" coveredmethods="4"/>
        <line num="1" count="2" type="stmt"/>
        <line num="2" count="2" type="stmt"/>
        <line num="3" count="2" type="stmt"/>
        <line num="11" count="9" type="stmt"/>
        <line num="12" count="9" type="stmt"/>
        <line num="14" count="18" type="cond" truecount="2" falsecount="0"/>
        <line num="18" count="9" type="stmt"/>
        <line num="21" count="1" type="stmt"/>
        <line num="28" count="1" type="stmt"/>
      </file>
    </package>
    <package name="components.worker-select">
      <metrics statements="12" coveredstatements="12" conditionals="12" coveredconditionals="10" methods="6" coveredmethods="6"/>
      <file name="worker-select.module.css" path="F:\Projects\magister\editor\src\components\worker-select\worker-select.module.css">
        <metrics statements="1" coveredstatements="1" conditionals="0" coveredconditionals="0" methods="0" coveredmethods="0"/>
        <line num="1" count="2" type="stmt"/>
      </file>
      <file name="worker-select.tsx" path="F:\Projects\magister\editor\src\components\worker-select\worker-select.tsx">
        <metrics statements="11" coveredstatements="11" conditionals="12" coveredconditionals="10" methods="6" coveredmethods="6"/>
        <line num="1" count="2" type="stmt"/>
        <line num="2" count="2" type="stmt"/>
        <line num="3" count="2" type="stmt"/>
        <line num="10" count="9" type="stmt"/>
        <line num="11" count="9" type="stmt"/>
        <line num="12" count="9" type="stmt"/>
        <line num="14" count="9" type="stmt"/>
        <line num="15" count="18" type="stmt"/>
        <line num="26" count="9" type="stmt"/>
        <line num="28" count="9" type="stmt"/>
        <line num="32" count="2" type="cond" truecount="10" falsecount="2"/>
      </file>
    </package>
    <package name="hooks.code-loader">
      <metrics statements="15" coveredstatements="15" conditionals="1" coveredconditionals="1" methods="2" coveredmethods="2"/>
      <file name="code-loader.ts" path="F:\Projects\magister\editor\src\hooks\code-loader\code-loader.ts">
        <metrics statements="15" coveredstatements="15" conditionals="1" coveredconditionals="1" methods="2" coveredmethods="2"/>
        <line num="1" count="2" type="stmt"/>
        <line num="2" count="2" type="stmt"/>
        <line num="4" count="2" type="stmt"/>
        <line num="5" count="8" type="stmt"/>
        <line num="6" count="8" type="stmt"/>
        <line num="8" count="8" type="stmt"/>
        <line num="9" count="4" type="stmt"/>
        <line num="10" count="4" type="stmt"/>
        <line num="11" count="4" type="stmt"/>
        <line num="13" count="4" type="cond" truecount="1" falsecount="0"/>
        <line num="14" count="3" type="stmt"/>
        <line num="17" count="1" type="stmt"/>
        <line num="18" count="1" type="stmt"/>
        <line num="19" count="1" type="stmt"/>
        <line num="22" count="8" type="stmt"/>
      </file>
    </package>
    <package name="hooks.debounce">
      <metrics statements="30" coveredstatements="29" conditionals="3" coveredconditionals="2" methods="9" coveredmethods="9"/>
      <file name="debounce.ts" path="F:\Projects\magister\editor\src\hooks\debounce\debounce.ts">
        <metrics statements="9" coveredstatements="9" conditionals="0" coveredconditionals="0" methods="4" coveredmethods="4"/>
        <line num="1" count="3" type="stmt"/>
        <line num="5" count="3" type="stmt"/>
        <line num="6" count="26" type="stmt"/>
        <line num="8" count="26" type="stmt"/>
        <line num="9" count="12" type="stmt"/>
        <line num="10" count="3" type="stmt"/>
        <line num="13" count="12" type="stmt"/>
        <line num="14" count="12" type="stmt"/>
        <line num="18" count="26" type="stmt"/>
      </file>
      <file name="debounced-effect.ts" path="F:\Projects\magister\editor\src\hooks\debounce\debounced-effect.ts">
        <metrics statements="21" coveredstatements="20" conditionals="3" coveredconditionals="2" methods="5" coveredmethods="5"/>
        <line num="1" count="4" type="stmt"/>
        <line num="3" count="4" type="stmt"/>
        <line num="4" count="4" type="stmt"/>
        <line num="5" count="4" type="stmt"/>
        <line num="7" count="4" type="stmt"/>
        <line num="8" count="88" type="stmt"/>
        <line num="9" count="88" type="stmt"/>
        <line num="10" count="88" type="stmt"/>
        <line num="12" count="88" type="stmt"/>
        <line num="13" count="39" type="stmt"/>
        <line num="19" count="88" type="stmt"/>
        <line num="20" count="53" type="stmt"/>
        <line num="22" count="53" type="cond" truecount="1" falsecount="0"/>
        <line num="23" count="25" type="stmt"/>
        <line num="25" count="25" type="cond" truecount="0" falsecount="1"/>
        <line num="26" count="0" type="stmt"/>
        <line num="30" count="53" type="stmt"/>
        <line num="31" count="14" type="cond" truecount="1" falsecount="0"/>
        <line num="32" count="1" type="stmt"/>
        <line num="35" count="14" type="stmt"/>
        <line num="37" count="53" type="stmt"/>
      </file>
    </package>
    <package name="hooks.debounce.types">
      <metrics statements="2" coveredstatements="2" conditionals="0" coveredconditionals="0" methods="0" coveredmethods="0"/>
      <file name="debounced-effect-config.ts" path="F:\Projects\magister\editor\src\hooks\debounce\types\debounced-effect-config.ts">
        <metrics statements="1" coveredstatements="1" conditionals="0" coveredconditionals="0" methods="0" coveredmethods="0"/>
        <line num="9" count="4" type="stmt"/>
      </file>
      <file name="effect-data.ts" path="F:\Projects\magister\editor\src\hooks\debounce\types\effect-data.ts">
        <metrics statements="1" coveredstatements="1" conditionals="0" coveredconditionals="0" methods="0" coveredmethods="0"/>
        <line num="8" count="4" type="stmt"/>
      </file>
    </package>
    <package name="hooks.encoding">
      <metrics statements="19" coveredstatements="19" conditionals="1" coveredconditionals="1" methods="3" coveredmethods="3"/>
      <file name="encoding.ts" path="F:\Projects\magister\editor\src\hooks\encoding\encoding.ts">
        <metrics statements="19" coveredstatements="19" conditionals="1" coveredconditionals="1" methods="3" coveredmethods="3"/>
        <line num="1" count="4" type="stmt"/>
        <line num="2" count="4" type="stmt"/>
        <line num="3" count="4" type="stmt"/>
        <line num="10" count="4" type="stmt"/>
        <line num="11" count="23" type="stmt"/>
        <line num="12" count="5" type="stmt"/>
        <line num="13" count="5" type="stmt"/>
        <line num="16" count="23" type="stmt"/>
        <line num="17" count="4" type="stmt"/>
        <line num="19" count="4" type="cond" truecount="1" falsecount="0"/>
        <line num="20" count="1" type="stmt"/>
        <line num="21" count="1" type="stmt"/>
        <line num="22" count="1" type="stmt"/>
        <line num="24" count="1" type="stmt"/>
        <line num="25" count="2" type="stmt"/>
        <line num="29" count="4" type="stmt"/>
        <line num="30" count="4" type="stmt"/>
        <line num="31" count="4" type="stmt"/>
        <line num="34" count="23" type="stmt"/>
      </file>
    </package>
    <package name="hooks.highlights">
      <metrics statements="35" coveredstatements="34" conditionals="17" coveredconditionals="12" methods="10" coveredmethods="8"/>
      <file name="highlight.module.css" path="F:\Projects\magister\editor\src\hooks\highlights\highlight.module.css">
        <metrics statements="1" coveredstatements="1" conditionals="0" coveredconditionals="0" methods="0" coveredmethods="0"/>
        <line num="1" count="5" type="stmt"/>
      </file>
      <file name="highlights.tsx" path="F:\Projects\magister\editor\src\hooks\highlights\highlights.tsx">
        <metrics statements="34" coveredstatements="33" conditionals="17" coveredconditionals="12" methods="10" coveredmethods="8"/>
        <line num="1" count="2" type="stmt"/>
        <line num="2" count="2" type="stmt"/>
        <line num="3" count="2" type="stmt"/>
        <line num="4" count="2" type="stmt"/>
        <line num="5" count="2" type="stmt"/>
        <line num="17" count="2" type="stmt"/>
        <line num="18" count="2" type="stmt"/>
        <line num="20" count="2" type="stmt"/>
        <line num="33" count="10" type="stmt"/>
        <line num="34" count="10" type="stmt"/>
        <line num="36" count="10" type="stmt"/>
        <line num="37" count="10" type="cond" truecount="6" falsecount="2"/>
        <line num="41" count="10" type="stmt"/>
        <line num="42" count="10" type="stmt"/>
        <line num="44" count="10" type="stmt"/>
        <line num="60" count="10" type="stmt"/>
        <line num="61" count="4" type="cond" truecount="1" falsecount="0"/>
        <line num="62" count="3" type="stmt"/>
        <line num="65" count="1" type="stmt"/>
        <line num="66" count="1" type="stmt"/>
        <line num="68" count="1" type="stmt"/>
        <line num="69" count="1" type="stmt"/>
        <line num="73" count="1" type="cond" truecount="1" falsecount="1"/>
        <line num="74" count="0" type="stmt"/>
        <line num="80" count="1" type="stmt"/>
        <line num="87" count="1" type="stmt"/>
        <line num="90" count="1" type="stmt"/>
        <line num="93" count="10" type="stmt"/>
        <line num="101" count="5" type="stmt"/>
        <line num="103" count="5" type="stmt"/>
        <line num="106" count="10" type="stmt"/>
        <line num="108" count="10" type="cond" truecount="2" falsecount="0"/>
        <line num="114" count="10" type="stmt"/>
        <line num="129" count="10" type="stmt"/>
      </file>
    </package>
    <package name="hooks.parse-tree-converter">
      <metrics statements="41" coveredstatements="40" conditionals="5" coveredconditionals="4" methods="3" coveredmethods="3"/>
      <file name="parse-tree-converter.ts" path="F:\Projects\magister\editor\src\hooks\parse-tree-converter\parse-tree-converter.ts">
        <metrics statements="41" coveredstatements="40" conditionals="5" coveredconditionals="4" methods="3" coveredmethods="3"/>
        <line num="2" count="3" type="stmt"/>
        <line num="3" count="3" type="stmt"/>
        <line num="6" count="3" type="stmt"/>
        <line num="7" count="3" type="stmt"/>
        <line num="14" count="3" type="stmt"/>
        <line num="15" count="24" type="stmt"/>
        <line num="16" count="24" type="stmt"/>
        <line num="18" count="24" type="stmt"/>
        <line num="19" count="9" type="stmt"/>
        <line num="20" count="9" type="stmt"/>
        <line num="22" count="9" type="stmt"/>
        <line num="23" count="11" type="stmt"/>
        <line num="25" count="13" type="stmt"/>
        <line num="26" count="13" type="stmt"/>
        <line num="28" count="13" type="cond" truecount="1" falsecount="0"/>
        <line num="29" count="3" type="cond" truecount="0" falsecount="1"/>
        <line num="30" count="0" type="stmt"/>
        <line num="33" count="3" type="stmt"/>
        <line num="34" count="3" type="stmt"/>
        <line num="35" count="3" type="stmt"/>
        <line num="36" count="3" type="stmt"/>
        <line num="39" count="13" type="cond" truecount="1" falsecount="0"/>
        <line num="40" count="2" type="stmt"/>
        <line num="41" count="2" type="stmt"/>
        <line num="42" count="2" type="stmt"/>
        <line num="43" count="2" type="stmt"/>
        <line num="45" count="2" type="stmt"/>
        <line num="52" count="13" type="cond" truecount="1" falsecount="0"/>
        <line num="53" count="4" type="stmt"/>
        <line num="54" count="4" type="stmt"/>
        <line num="60" count="24" type="stmt"/>
        <line num="61" count="12" type="stmt"/>
        <line num="62" count="12" type="stmt"/>
        <line num="64" count="12" type="cond" truecount="1" falsecount="0"/>
        <line num="65" count="3" type="stmt"/>
        <line num="66" count="3" type="stmt"/>
        <line num="69" count="9" type="stmt"/>
        <line num="70" count="9" type="stmt"/>
        <line num="71" count="9" type="stmt"/>
        <line num="72" count="9" type="stmt"/>
        <line num="75" count="24" type="stmt"/>
      </file>
    </package>
    <package name="hooks.parsing">
      <metrics statements="34" coveredstatements="25" conditionals="5" coveredconditionals="0" methods="6" coveredmethods="4"/>
      <file name="parsing.ts" path="F:\Projects\magister\editor\src\hooks\parsing\parsing.ts">
        <metrics statements="34" coveredstatements="25" conditionals="5" coveredconditionals="0" methods="6" coveredmethods="4"/>
        <line num="1" count="2" type="stmt"/>
        <line num="2" count="2" type="stmt"/>
        <line num="3" count="2" type="stmt"/>
        <line num="15" count="2" type="stmt"/>
        <line num="16" count="20" type="stmt"/>
        <line num="17" count="20" type="stmt"/>
        <line num="18" count="20" type="stmt"/>
        <line num="19" count="20" type="stmt"/>
        <line num="21" count="20" type="stmt"/>
        <line num="22" count="5" type="stmt"/>
        <line num="23" count="5" type="stmt"/>
        <line num="24" count="5" type="stmt"/>
        <line num="27" count="20" type="stmt"/>
        <line num="28" count="0" type="stmt"/>
        <line num="29" count="0" type="stmt"/>
        <line num="32" count="20" type="stmt"/>
        <line num="33" count="7" type="cond" truecount="0" falsecount="1"/>
        <line num="34" count="0" type="stmt"/>
        <line num="37" count="7" type="stmt"/>
        <line num="38" count="7" type="stmt"/>
        <line num="39" count="7" type="stmt"/>
        <line num="40" count="7" type="stmt"/>
        <line num="41" count="7" type="stmt"/>
        <line num="43" count="7" type="stmt"/>
        <line num="44" count="7" type="cond" truecount="0" falsecount="1"/>
        <line num="45" count="0" type="stmt"/>
        <line num="48" count="7" type="stmt"/>
        <line num="52" count="20" type="stmt"/>
        <line num="54" count="0" type="cond" truecount="0" falsecount="3"/>
        <line num="55" count="0" type="stmt"/>
        <line num="58" count="0" type="stmt"/>
        <line num="59" count="0" type="stmt"/>
        <line num="60" count="0" type="stmt"/>
        <line num="68" count="20" type="stmt"/>
      </file>
    </package>
    <package name="icons.check-icon">
      <metrics statements="4" coveredstatements="4" conditionals="0" coveredconditionals="0" methods="1" coveredmethods="1"/>
      <file name="check-icon.tsx" path="F:\Projects\magister\editor\src\icons\check-icon\check-icon.tsx">
        <metrics statements="4" coveredstatements="4" conditionals="0" coveredconditionals="0" methods="1" coveredmethods="1"/>
        <line num="1" count="2" type="stmt"/>
        <line num="2" count="2" type="stmt"/>
        <line num="4" count="3" type="stmt"/>
        <line num="18" count="2" type="stmt"/>
      </file>
    </package>
    <package name="icons.copy-success-icon">
      <metrics statements="4" coveredstatements="4" conditionals="0" coveredconditionals="0" methods="1" coveredmethods="1"/>
      <file name="copy-success-icon.tsx" path="F:\Projects\magister\editor\src\icons\copy-success-icon\copy-success-icon.tsx">
        <metrics statements="4" coveredstatements="4" conditionals="0" coveredconditionals="0" methods="1" coveredmethods="1"/>
        <line num="1" count="3" type="stmt"/>
        <line num="2" count="3" type="stmt"/>
        <line num="4" count="3" type="stmt"/>
        <line num="18" count="3" type="stmt"/>
      </file>
    </package>
    <package name="icons.exclamation-icon">
      <metrics statements="4" coveredstatements="4" conditionals="0" coveredconditionals="0" methods="1" coveredmethods="1"/>
      <file name="exclamation-icon.tsx" path="F:\Projects\magister\editor\src\icons\exclamation-icon\exclamation-icon.tsx">
        <metrics statements="4" coveredstatements="4" conditionals="0" coveredconditionals="0" methods="1" coveredmethods="1"/>
        <line num="1" count="2" type="stmt"/>
        <line num="2" count="2" type="stmt"/>
        <line num="4" count="2" type="stmt"/>
        <line num="17" count="2" type="stmt"/>
      </file>
    </package>
    <package name="icons.share-icon">
      <metrics statements="4" coveredstatements="4" conditionals="0" coveredconditionals="0" methods="1" coveredmethods="1"/>
      <file name="share-icon.tsx" path="F:\Projects\magister\editor\src\icons\share-icon\share-icon.tsx">
        <metrics statements="4" coveredstatements="4" conditionals="0" coveredconditionals="0" methods="1" coveredmethods="1"/>
        <line num="1" count="2" type="stmt"/>
        <line num="2" count="2" type="stmt"/>
        <line num="4" count="10" type="stmt"/>
        <line num="18" count="2" type="stmt"/>
      </file>
    </package>
    <package name="icons.spinner-icon">
      <metrics statements="5" coveredstatements="5" conditionals="0" coveredconditionals="0" methods="1" coveredmethods="1"/>
      <file name="spinner-icon.module.css" path="F:\Projects\magister\editor\src\icons\spinner-icon\spinner-icon.module.css">
        <metrics statements="1" coveredstatements="1" conditionals="0" coveredconditionals="0" methods="0" coveredmethods="0"/>
        <line num="1" count="6" type="stmt"/>
      </file>
      <file name="spinner-icon.tsx" path="F:\Projects\magister\editor\src\icons\spinner-icon\spinner-icon.tsx">
        <metrics statements="4" coveredstatements="4" conditionals="0" coveredconditionals="0" methods="1" coveredmethods="1"/>
        <line num="1" count="6" type="stmt"/>
        <line num="2" count="6" type="stmt"/>
        <line num="5" count="34" type="stmt"/>
        <line num="31" count="6" type="stmt"/>
      </file>
    </package>
    <package name="icons.types">
      <metrics statements="1" coveredstatements="1" conditionals="0" coveredconditionals="0" methods="0" coveredmethods="0"/>
      <file name="icon-shared-props.ts" path="F:\Projects\magister\editor\src\icons\types\icon-shared-props.ts">
        <metrics statements="1" coveredstatements="1" conditionals="0" coveredconditionals="0" methods="0" coveredmethods="0"/>
        <line num="7" count="4" type="stmt"/>
      </file>
    </package>
    <package name="utils">
      <metrics statements="1" coveredstatements="1" conditionals="0" coveredconditionals="0" methods="1" coveredmethods="1"/>
      <file name="is-function.ts" path="F:\Projects\magister\editor\src\utils\is-function.ts">
        <metrics statements="1" coveredstatements="1" conditionals="0" coveredconditionals="0" methods="1" coveredmethods="1"/>
        <line num="1" count="14" type="stmt"/>
      </file>
    </package>
  </project>
</coverage>
