<?xml version="1.0" encoding="UTF-8"?>
<coverage generated="1684367488784" clover="3.2.0">
  <project timestamp="1684367488784" name="All files">
    <metrics statements="19" coveredstatements="17" conditionals="1" coveredconditionals="1" methods="3" coveredmethods="2" elements="23" coveredelements="20" complexity="0" loc="19" ncloc="19" packages="1" files="1" classes="1"/>
    <file name="encoding.ts" path="F:\Projects\magister\editor\src\hooks\encoding\encoding.ts">
      <metrics statements="19" coveredstatements="17" conditionals="1" coveredconditionals="1" methods="3" coveredmethods="2"/>
      <line num="1" count="1" type="stmt"/>
      <line num="2" count="1" type="stmt"/>
      <line num="3" count="1" type="stmt"/>
      <line num="10" count="1" type="stmt"/>
      <line num="11" count="1" type="stmt"/>
      <line num="12" count="0" type="stmt"/>
      <line num="13" count="0" type="stmt"/>
      <line num="16" count="1" type="stmt"/>
      <line num="17" count="1" type="stmt"/>
      <line num="19" count="1" type="cond" truecount="1" falsecount="0"/>
      <line num="20" count="1" type="stmt"/>
      <line num="21" count="1" type="stmt"/>
      <line num="22" count="1" type="stmt"/>
      <line num="24" count="1" type="stmt"/>
      <line num="25" count="2" type="stmt"/>
      <line num="29" count="1" type="stmt"/>
      <line num="30" count="1" type="stmt"/>
      <line num="31" count="1" type="stmt"/>
      <line num="34" count="1" type="stmt"/>
    </file>
  </project>
</coverage>
