{"F:\\Projects\\magister\\editor\\src\\hooks\\encoding\\encoding.ts": {"path":"F:\\Projects\\magister\\editor\\src\\hooks\\encoding\\encoding.ts","statementMap":{"0":{"start":{"line":1,"column":0},"end":{"line":1,"column":36}},"1":{"start":{"line":2,"column":0},"end":{"line":2,"column":24}},"2":{"start":{"line":3,"column":0},"end":{"line":3,"column":50}},"3":{"start":{"line":10,"column":27},"end":{"line":35,"column":1}},"4":{"start":{"line":11,"column":17},"end":{"line":14,"column":3}},"5":{"start":{"line":12,"column":23},"end":{"line":12,"column":39}},"6":{"start":{"line":13,"column":4},"end":{"line":13,"column":44}},"7":{"start":{"line":16,"column":17},"end":{"line":32,"column":3}},"8":{"start":{"line":17,"column":21},"end":{"line":17,"column":26}},"9":{"start":{"line":19,"column":4},"end":{"line":27,"column":null}},"10":{"start":{"line":20,"column":21},"end":{"line":20,"column":42}},"11":{"start":{"line":21,"column":26},"end":{"line":21,"column":44}},"12":{"start":{"line":22,"column":32},"end":{"line":22,"column":58}},"13":{"start":{"line":24,"column":6},"end":{"line":26,"column":null}},"14":{"start":{"line":24,"column":19},"end":{"line":24,"column":20}},"15":{"start":{"line":25,"column":8},"end":{"line":25,"column":26}},"16":{"start":{"line":29,"column":20},"end":{"line":29,"column":50}},"17":{"start":{"line":30,"column":25},"end":{"line":30,"column":45}},"18":{"start":{"line":31,"column":4},"end":{"line":31,"column":50}},"19":{"start":{"line":34,"column":2},"end":{"line":34,"column":28}},"20":{"start":{"line":10,"column":13},"end":{"line":10,"column":27}}},"fnMap":{"0":{"name":"(anonymous_7)","decl":{"start":{"line":10,"column":27},"end":{"line":10,"column":null}},"loc":{"start":{"line":10,"column":27},"end":{"line":35,"column":1}}},"1":{"name":"(anonymous_8)","decl":{"start":{"line":11,"column":17},"end":{"line":11,"column":18}},"loc":{"start":{"line":11,"column":31},"end":{"line":14,"column":3}}},"2":{"name":"(anonymous_9)","decl":{"start":{"line":16,"column":17},"end":{"line":16,"column":18}},"loc":{"start":{"line":16,"column":31},"end":{"line":32,"column":3}}}},"branchMap":{"0":{"loc":{"start":{"line":19,"column":4},"end":{"line":27,"column":null}},"type":"if","locations":[{"start":{"line":19,"column":4},"end":{"line":27,"column":null}}]}},"s":{"0":1,"1":1,"2":1,"3":1,"4":1,"5":0,"6":0,"7":1,"8":1,"9":1,"10":1,"11":1,"12":1,"13":1,"14":1,"15":2,"16":1,"17":1,"18":1,"19":1,"20":1},"f":{"0":1,"1":0,"2":1},"b":{"0":[1]}}
}
