{"F:\\Projects\\magister\\editor\\src\\components\\autocomplete\\autocomplete.component.tsx": {"path":"F:\\Projects\\magister\\editor\\src\\components\\autocomplete\\autocomplete.component.tsx","statementMap":{"0":{"start":{"line":1,"column":0},"end":{"line":1,"column":101}},"1":{"start":{"line":2,"column":0},"end":{"line":2,"column":44}},"2":{"start":{"line":3,"column":0},"end":{"line":3,"column":87}},"3":{"start":{"line":5,"column":0},"end":{"line":5,"column":70}},"4":{"start":{"line":17,"column":28},"end":{"line":250,"column":1}},"5":{"start":{"line":18,"column":11},"end":{"line":18,"column":null}},"6":{"start":{"line":19,"column":10},"end":{"line":19,"column":null}},"7":{"start":{"line":20,"column":6},"end":{"line":20,"column":null}},"8":{"start":{"line":21,"column":17},"end":{"line":21,"column":null}},"9":{"start":{"line":22,"column":20},"end":{"line":22,"column":null}},"10":{"start":{"line":24,"column":8},"end":{"line":24,"column":63}},"11":{"start":{"line":24,"column":20},"end":{"line":24,"column":22}},"12":{"start":{"line":24,"column":36},"end":{"line":24,"column":40}},"13":{"start":{"line":25,"column":8},"end":{"line":25,"column":55}},"14":{"start":{"line":25,"column":17},"end":{"line":25,"column":19}},"15":{"start":{"line":25,"column":30},"end":{"line":25,"column":34}},"16":{"start":{"line":26,"column":8},"end":{"line":26,"column":73}},"17":{"start":{"line":26,"column":24},"end":{"line":26,"column":26}},"18":{"start":{"line":26,"column":44},"end":{"line":26,"column":48}},"19":{"start":{"line":27,"column":8},"end":{"line":27,"column":67}},"20":{"start":{"line":27,"column":23},"end":{"line":27,"column":25}},"21":{"start":{"line":27,"column":42},"end":{"line":27,"column":46}},"22":{"start":{"line":28,"column":8},"end":{"line":28,"column":83}},"23":{"start":{"line":28,"column":29},"end":{"line":28,"column":31}},"24":{"start":{"line":28,"column":54},"end":{"line":28,"column":58}},"25":{"start":{"line":29,"column":21},"end":{"line":29,"column":51}},"26":{"start":{"line":31,"column":28},"end":{"line":35,"column":3}},"27":{"start":{"line":32,"column":4},"end":{"line":32,"column":53}},"28":{"start":{"line":33,"column":4},"end":{"line":33,"column":34}},"29":{"start":{"line":34,"column":4},"end":{"line":34,"column":29}},"30":{"start":{"line":37,"column":25},"end":{"line":50,"column":3}},"31":{"start":{"line":38,"column":28},"end":{"line":38,"column":96}},"32":{"start":{"line":40,"column":4},"end":{"line":49,"column":6}},"33":{"start":{"line":45,"column":23},"end":{"line":45,"column":null}},"34":{"start":{"line":52,"column":23},"end":{"line":52,"column":61}},"35":{"start":{"line":52,"column":50},"end":{"line":52,"column":73}},"36":{"start":{"line":54,"column":27},"end":{"line":73,"column":3}},"37":{"start":{"line":55,"column":15},"end":{"line":55,"column":17}},"38":{"start":{"line":56,"column":20},"end":{"line":56,"column":30}},"39":{"start":{"line":58,"column":4},"end":{"line":65,"column":null}},"40":{"start":{"line":58,"column":17},"end":{"line":58,"column":31}},"41":{"start":{"line":59,"column":6},"end":{"line":61,"column":null}},"42":{"start":{"line":60,"column":8},"end":{"line":60,"column":14}},"43":{"start":{"line":63,"column":6},"end":{"line":63,"column":29}},"44":{"start":{"line":64,"column":6},"end":{"line":64,"column":20}},"45":{"start":{"line":67,"column":31},"end":{"line":70,"column":6}},"46":{"start":{"line":72,"column":4},"end":{"line":72,"column":30}},"47":{"start":{"line":75,"column":28},"end":{"line":88,"column":3}},"48":{"start":{"line":76,"column":23},"end":{"line":76,"column":42}},"49":{"start":{"line":77,"column":23},"end":{"line":77,"column":42}},"50":{"start":{"line":79,"column":4},"end":{"line":81,"column":null}},"51":{"start":{"line":80,"column":6},"end":{"line":80,"column":47}},"52":{"start":{"line":83,"column":17},"end":{"line":83,"column":36}},"53":{"start":{"line":84,"column":17},"end":{"line":84,"column":36}},"54":{"start":{"line":85,"column":25},"end":{"line":85,"column":76}},"55":{"start":{"line":85,"column":60},"end":{"line":85,"column":75}},"56":{"start":{"line":86,"column":18},"end":{"line":86,"column":45}},"57":{"start":{"line":87,"column":4},"end":{"line":87,"column":42}},"58":{"start":{"line":90,"column":37},"end":{"line":90,"column":96}},"59":{"start":{"line":90,"column":95},"end":{"line":93,"column":5}},"60":{"start":{"line":95,"column":27},"end":{"line":96,"column":13}},"61":{"start":{"line":96,"column":4},"end":{"line":99,"column":57}},"62":{"start":{"line":97,"column":21},"end":{"line":97,"column":65}},"63":{"start":{"line":98,"column":22},"end":{"line":98,"column":46}},"64":{"start":{"line":99,"column":30},"end":{"line":99,"column":56}},"65":{"start":{"line":101,"column":2},"end":{"line":127,"column":4}},"66":{"start":{"line":103,"column":6},"end":{"line":103,"column":25}},"67":{"start":{"line":104,"column":6},"end":{"line":104,"column":32}},"68":{"start":{"line":106,"column":6},"end":{"line":110,"column":null}},"69":{"start":{"line":107,"column":8},"end":{"line":107,"column":39}},"70":{"start":{"line":108,"column":8},"end":{"line":108,"column":31}},"71":{"start":{"line":109,"column":8},"end":{"line":109,"column":15}},"72":{"start":{"line":112,"column":33},"end":{"line":112,"column":72}},"73":{"start":{"line":112,"column":18},"end":{"line":112,"column":20}},"74":{"start":{"line":112,"column":28},"end":{"line":112,"column":33}},"75":{"start":{"line":114,"column":6},"end":{"line":116,"column":null}},"76":{"start":{"line":115,"column":8},"end":{"line":115,"column":15}},"77":{"start":{"line":118,"column":26},"end":{"line":118,"column":95}},"78":{"start":{"line":118,"column":79},"end":{"line":118,"column":95}},"79":{"start":{"line":119,"column":6},"end":{"line":119,"column":34}},"80":{"start":{"line":120,"column":6},"end":{"line":120,"column":59}},"81":{"start":{"line":121,"column":6},"end":{"line":121,"column":28}},"82":{"start":{"line":122,"column":6},"end":{"line":122,"column":51}},"83":{"start":{"line":129,"column":25},"end":{"line":135,"column":null}},"84":{"start":{"line":131,"column":6},"end":{"line":131,"column":29}},"85":{"start":{"line":132,"column":6},"end":{"line":132,"column":64}},"86":{"start":{"line":133,"column":6},"end":{"line":133,"column":36}},"87":{"start":{"line":138,"column":22},"end":{"line":150,"column":null}},"88":{"start":{"line":140,"column":6},"end":{"line":140,"column":29}},"89":{"start":{"line":142,"column":30},"end":{"line":142,"column":48}},"90":{"start":{"line":144,"column":6},"end":{"line":146,"column":null}},"91":{"start":{"line":145,"column":8},"end":{"line":145,"column":51}},"92":{"start":{"line":148,"column":6},"end":{"line":148,"column":43}},"93":{"start":{"line":153,"column":24},"end":{"line":165,"column":null}},"94":{"start":{"line":155,"column":6},"end":{"line":155,"column":29}},"95":{"start":{"line":157,"column":30},"end":{"line":157,"column":48}},"96":{"start":{"line":159,"column":6},"end":{"line":161,"column":null}},"97":{"start":{"line":160,"column":8},"end":{"line":160,"column":30}},"98":{"start":{"line":163,"column":6},"end":{"line":163,"column":43}},"99":{"start":{"line":168,"column":26},"end":{"line":173,"column":null}},"100":{"start":{"line":170,"column":6},"end":{"line":170,"column":29}},"101":{"start":{"line":171,"column":6},"end":{"line":171,"column":32}},"102":{"start":{"line":176,"column":29},"end":{"line":181,"column":null}},"103":{"start":{"line":178,"column":6},"end":{"line":178,"column":29}},"104":{"start":{"line":179,"column":6},"end":{"line":179,"column":51}},"105":{"start":{"line":184,"column":29},"end":{"line":208,"column":null}},"106":{"start":{"line":186,"column":6},"end":{"line":206,"column":null}},"107":{"start":{"line":187,"column":8},"end":{"line":189,"column":null}},"108":{"start":{"line":188,"column":10},"end":{"line":188,"column":32}},"109":{"start":{"line":191,"column":8},"end":{"line":193,"column":null}},"110":{"start":{"line":192,"column":10},"end":{"line":192,"column":29}},"111":{"start":{"line":195,"column":8},"end":{"line":197,"column":null}},"112":{"start":{"line":196,"column":10},"end":{"line":196,"column":31}},"113":{"start":{"line":199,"column":8},"end":{"line":201,"column":null}},"114":{"start":{"line":200,"column":10},"end":{"line":200,"column":33}},"115":{"start":{"line":203,"column":8},"end":{"line":205,"column":null}},"116":{"start":{"line":204,"column":10},"end":{"line":204,"column":36}},"117":{"start":{"line":211,"column":2},"end":{"line":217,"column":44}},"118":{"start":{"line":212,"column":4},"end":{"line":212,"column":61}},"119":{"start":{"line":214,"column":4},"end":{"line":216,"column":6}},"120":{"start":{"line":215,"column":6},"end":{"line":215,"column":66}},"121":{"start":{"line":219,"column":2},"end":{"line":225,"column":17}},"122":{"start":{"line":220,"column":4},"end":{"line":222,"column":null}},"123":{"start":{"line":221,"column":6},"end":{"line":221,"column":13}},"124":{"start":{"line":224,"column":4},"end":{"line":224,"column":23}},"125":{"start":{"line":227,"column":21},"end":{"line":227,"column":54}},"126":{"start":{"line":227,"column":43},"end":{"line":227,"column":117}},"127":{"start":{"line":227,"column":82},"end":{"line":227,"column":116}},"128":{"start":{"line":229,"column":25},"end":{"line":229,"column":89}},"129":{"start":{"line":229,"column":39},"end":{"line":229,"column":89}},"130":{"start":{"line":231,"column":26},"end":{"line":231,"column":91}},"131":{"start":{"line":231,"column":40},"end":{"line":231,"column":91}},"132":{"start":{"line":233,"column":25},"end":{"line":233,"column":47}},"133":{"start":{"line":233,"column":46},"end":{"line":236,"column":5}},"134":{"start":{"line":238,"column":2},"end":{"line":249,"column":4}},"135":{"start":{"line":17,"column":13},"end":{"line":17,"column":28}},"136":{"start":{"line":252,"column":0},"end":{"line":254,"column":2}}},"fnMap":{"0":{"name":"(anonymous_9)","decl":{"start":{"line":17,"column":28},"end":{"line":17,"column":29}},"loc":{"start":{"line":23,"column":20},"end":{"line":250,"column":1}}},"1":{"name":"(anonymous_10)","decl":{"start":{"line":31,"column":28},"end":{"line":31,"column":29}},"loc":{"start":{"line":31,"column":42},"end":{"line":35,"column":3}}},"2":{"name":"(anonymous_11)","decl":{"start":{"line":37,"column":25},"end":{"line":37,"column":26}},"loc":{"start":{"line":37,"column":54},"end":{"line":50,"column":3}}},"3":{"name":"(anonymous_12)","decl":{"start":{"line":45,"column":17},"end":{"line":45,"column":23}},"loc":{"start":{"line":45,"column":17},"end":{"line":45,"column":40}}},"4":{"name":"(anonymous_13)","decl":{"start":{"line":52,"column":23},"end":{"line":52,"column":24}},"loc":{"start":{"line":52,"column":36},"end":{"line":52,"column":61}}},"5":{"name":"(anonymous_14)","decl":{"start":{"line":54,"column":27},"end":{"line":54,"column":28}},"loc":{"start":{"line":54,"column":61},"end":{"line":73,"column":3}}},"6":{"name":"(anonymous_15)","decl":{"start":{"line":75,"column":28},"end":{"line":75,"column":29}},"loc":{"start":{"line":75,"column":57},"end":{"line":88,"column":3}}},"7":{"name":"(anonymous_16)","decl":{"start":{"line":85,"column":50},"end":{"line":85,"column":51}},"loc":{"start":{"line":85,"column":55},"end":{"line":85,"column":64}}},"8":{"name":"(anonymous_17)","decl":{"start":{"line":90,"column":37},"end":{"line":90,"column":38}},"loc":{"start":{"line":90,"column":66},"end":{"line":90,"column":96}}},"9":{"name":"(anonymous_18)","decl":{"start":{"line":95,"column":27},"end":{"line":95,"column":28}},"loc":{"start":{"line":95,"column":66},"end":{"line":96,"column":13}}},"10":{"name":"(anonymous_19)","decl":{"start":{"line":97,"column":11},"end":{"line":97,"column":12}},"loc":{"start":{"line":97,"column":16},"end":{"line":97,"column":47}}},"11":{"name":"(anonymous_20)","decl":{"start":{"line":98,"column":12},"end":{"line":98,"column":13}},"loc":{"start":{"line":98,"column":17},"end":{"line":98,"column":23}}},"12":{"name":"(anonymous_21)","decl":{"start":{"line":99,"column":14},"end":{"line":99,"column":15}},"loc":{"start":{"line":99,"column":25},"end":{"line":99,"column":40}}},"13":{"name":"(anonymous_22)","decl":{"start":{"line":102,"column":4},"end":{"line":102,"column":null}},"loc":{"start":{"line":102,"column":4},"end":{"line":123,"column":5}}},"14":{"name":"(anonymous_23)","decl":{"start":{"line":118,"column":63},"end":{"line":118,"column":64}},"loc":{"start":{"line":118,"column":74},"end":{"line":118,"column":89}}},"15":{"name":"(anonymous_24)","decl":{"start":{"line":130,"column":4},"end":{"line":130,"column":5}},"loc":{"start":{"line":130,"column":36},"end":{"line":134,"column":5}}},"16":{"name":"(anonymous_25)","decl":{"start":{"line":139,"column":4},"end":{"line":139,"column":5}},"loc":{"start":{"line":139,"column":36},"end":{"line":149,"column":5}}},"17":{"name":"(anonymous_26)","decl":{"start":{"line":154,"column":4},"end":{"line":154,"column":5}},"loc":{"start":{"line":154,"column":36},"end":{"line":164,"column":5}}},"18":{"name":"(anonymous_27)","decl":{"start":{"line":169,"column":4},"end":{"line":169,"column":5}},"loc":{"start":{"line":169,"column":36},"end":{"line":172,"column":5}}},"19":{"name":"(anonymous_28)","decl":{"start":{"line":177,"column":4},"end":{"line":177,"column":5}},"loc":{"start":{"line":177,"column":36},"end":{"line":180,"column":5}}},"20":{"name":"(anonymous_29)","decl":{"start":{"line":185,"column":4},"end":{"line":185,"column":5}},"loc":{"start":{"line":185,"column":36},"end":{"line":207,"column":5}}},"21":{"name":"(anonymous_30)","decl":{"start":{"line":211,"column":12},"end":{"line":211,"column":null}},"loc":{"start":{"line":211,"column":12},"end":{"line":217,"column":3}}},"22":{"name":"(anonymous_31)","decl":{"start":{"line":214,"column":11},"end":{"line":214,"column":null}},"loc":{"start":{"line":214,"column":11},"end":{"line":216,"column":5}}},"23":{"name":"(anonymous_32)","decl":{"start":{"line":219,"column":12},"end":{"line":219,"column":null}},"loc":{"start":{"line":219,"column":12},"end":{"line":225,"column":3}}},"24":{"name":"(anonymous_33)","decl":{"start":{"line":227,"column":21},"end":{"line":227,"column":43}},"loc":{"start":{"line":227,"column":21},"end":{"line":227,"column":54}}},"25":{"name":"(anonymous_34)","decl":{"start":{"line":227,"column":59},"end":{"line":227,"column":60}},"loc":{"start":{"line":227,"column":77},"end":{"line":227,"column":96}}},"26":{"name":"(anonymous_35)","decl":{"start":{"line":229,"column":25},"end":{"line":229,"column":39}},"loc":{"start":{"line":229,"column":25},"end":{"line":229,"column":89}}},"27":{"name":"(anonymous_36)","decl":{"start":{"line":231,"column":26},"end":{"line":231,"column":40}},"loc":{"start":{"line":231,"column":26},"end":{"line":231,"column":91}}},"28":{"name":"(anonymous_37)","decl":{"start":{"line":233,"column":25},"end":{"line":233,"column":46}},"loc":{"start":{"line":233,"column":25},"end":{"line":233,"column":47}}}},"branchMap":{"0":{"loc":{"start":{"line":34,"column":4},"end":{"line":34,"column":28}},"type":"cond-expr","locations":[{"start":{"line":34,"column":19},"end":{"line":34,"column":21}},{"start":{"line":34,"column":4},"end":{"line":34,"column":28}}]},"1":{"loc":{"start":{"line":34,"column":4},"end":{"line":34,"column":21}},"type":"binary-expr","locations":[{"start":{"line":34,"column":4},"end":{"line":34,"column":21}},{"start":{"line":34,"column":4},"end":{"line":34,"column":21}}]},"2":{"loc":{"start":{"line":38,"column":28},"end":{"line":38,"column":96}},"type":"cond-expr","locations":[{"start":{"line":38,"column":55},"end":{"line":38,"column":91}},{"start":{"line":38,"column":94},"end":{"line":38,"column":96}}]},"3":{"loc":{"start":{"line":59,"column":6},"end":{"line":61,"column":null}},"type":"if","locations":[{"start":{"line":59,"column":6},"end":{"line":61,"column":null}}]},"4":{"loc":{"start":{"line":79,"column":4},"end":{"line":81,"column":null}},"type":"if","locations":[{"start":{"line":79,"column":4},"end":{"line":81,"column":null}}]},"5":{"loc":{"start":{"line":79,"column":8},"end":{"line":79,"column":72}},"type":"binary-expr","locations":[{"start":{"line":79,"column":8},"end":{"line":79,"column":35}},{"start":{"line":79,"column":39},"end":{"line":79,"column":72}}]},"6":{"loc":{"start":{"line":106,"column":6},"end":{"line":110,"column":null}},"type":"if","locations":[{"start":{"line":106,"column":6},"end":{"line":110,"column":null}}]},"7":{"loc":{"start":{"line":114,"column":6},"end":{"line":116,"column":null}},"type":"if","locations":[{"start":{"line":114,"column":6},"end":{"line":116,"column":null}}]},"8":{"loc":{"start":{"line":120,"column":24},"end":{"line":120,"column":57}},"type":"cond-expr","locations":[{"start":{"line":120,"column":51},"end":{"line":120,"column":52}},{"start":{"line":120,"column":55},"end":{"line":120,"column":57}}]},"9":{"loc":{"start":{"line":144,"column":6},"end":{"line":146,"column":null}},"type":"if","locations":[{"start":{"line":144,"column":6},"end":{"line":146,"column":null}}]},"10":{"loc":{"start":{"line":159,"column":6},"end":{"line":161,"column":null}},"type":"if","locations":[{"start":{"line":159,"column":6},"end":{"line":161,"column":null}}]},"11":{"loc":{"start":{"line":186,"column":6},"end":{"line":206,"column":null}},"type":"if","locations":[{"start":{"line":186,"column":6},"end":{"line":206,"column":null}},{"start":{"line":202,"column":13},"end":{"line":206,"column":null}}]},"12":{"loc":{"start":{"line":187,"column":8},"end":{"line":189,"column":null}},"type":"if","locations":[{"start":{"line":187,"column":8},"end":{"line":189,"column":null}}]},"13":{"loc":{"start":{"line":191,"column":8},"end":{"line":193,"column":null}},"type":"if","locations":[{"start":{"line":191,"column":8},"end":{"line":193,"column":null}}]},"14":{"loc":{"start":{"line":195,"column":8},"end":{"line":197,"column":null}},"type":"if","locations":[{"start":{"line":195,"column":8},"end":{"line":197,"column":null}}]},"15":{"loc":{"start":{"line":199,"column":8},"end":{"line":201,"column":null}},"type":"if","locations":[{"start":{"line":199,"column":8},"end":{"line":201,"column":null}}]},"16":{"loc":{"start":{"line":203,"column":8},"end":{"line":205,"column":null}},"type":"if","locations":[{"start":{"line":203,"column":8},"end":{"line":205,"column":null}}]},"17":{"loc":{"start":{"line":203,"column":12},"end":{"line":203,"column":50}},"type":"binary-expr","locations":[{"start":{"line":203,"column":12},"end":{"line":203,"column":25}},{"start":{"line":203,"column":29},"end":{"line":203,"column":50}}]},"18":{"loc":{"start":{"line":220,"column":4},"end":{"line":222,"column":null}},"type":"if","locations":[{"start":{"line":220,"column":4},"end":{"line":222,"column":null}}]},"19":{"loc":{"start":{"line":229,"column":39},"end":{"line":229,"column":88}},"type":"cond-expr","locations":[{"start":{"line":229,"column":83},"end":{"line":229,"column":87}},{"start":{"line":229,"column":87},"end":{"line":229,"column":88}}]},"20":{"loc":{"start":{"line":229,"column":39},"end":{"line":229,"column":87}},"type":"binary-expr","locations":[{"start":{"line":229,"column":39},"end":{"line":229,"column":87}},{"start":{"line":229,"column":83},"end":{"line":229,"column":87}}]},"21":{"loc":{"start":{"line":229,"column":39},"end":{"line":229,"column":83}},"type":"cond-expr","locations":[{"start":{"line":229,"column":54},"end":{"line":229,"column":56}},{"start":{"line":229,"column":39},"end":{"line":229,"column":83}}]},"22":{"loc":{"start":{"line":229,"column":39},"end":{"line":229,"column":56}},"type":"binary-expr","locations":[{"start":{"line":229,"column":39},"end":{"line":229,"column":56}},{"start":{"line":229,"column":39},"end":{"line":229,"column":56}}]},"23":{"loc":{"start":{"line":231,"column":40},"end":{"line":231,"column":90}},"type":"cond-expr","locations":[{"start":{"line":231,"column":85},"end":{"line":231,"column":89}},{"start":{"line":231,"column":89},"end":{"line":231,"column":90}}]},"24":{"loc":{"start":{"line":231,"column":40},"end":{"line":231,"column":89}},"type":"binary-expr","locations":[{"start":{"line":231,"column":40},"end":{"line":231,"column":89}},{"start":{"line":231,"column":85},"end":{"line":231,"column":89}}]},"25":{"loc":{"start":{"line":231,"column":40},"end":{"line":231,"column":85}},"type":"cond-expr","locations":[{"start":{"line":231,"column":55},"end":{"line":231,"column":57}},{"start":{"line":231,"column":40},"end":{"line":231,"column":85}}]},"26":{"loc":{"start":{"line":231,"column":40},"end":{"line":231,"column":57}},"type":"binary-expr","locations":[{"start":{"line":231,"column":40},"end":{"line":231,"column":57}},{"start":{"line":231,"column":40},"end":{"line":231,"column":57}}]}},"s":{"0":2,"1":2,"2":2,"3":2,"4":2,"5":62,"6":62,"7":62,"8":62,"9":62,"10":62,"11":62,"12":62,"13":62,"14":62,"15":62,"16":62,"17":62,"18":62,"19":62,"20":62,"21":62,"22":62,"23":62,"24":62,"25":62,"26":62,"27":2,"28":2,"29":2,"30":62,"31":32,"32":32,"33":2,"34":62,"35":26,"36":62,"37":9,"38":9,"39":9,"40":9,"41":26,"42":2,"43":24,"44":24,"45":9,"46":9,"47":62,"48":28,"49":28,"50":28,"51":12,"52":16,"53":16,"54":16,"55":64,"56":16,"57":16,"58":62,"59":28,"60":62,"61":8,"62":28,"63":26,"64":28,"65":62,"66":10,"67":10,"68":10,"69":1,"70":1,"71":1,"72":9,"73":9,"74":9,"75":9,"76":1,"77":8,"78":12,"79":8,"80":8,"81":8,"82":8,"83":62,"84":1,"85":1,"86":1,"87":62,"88":2,"89":2,"90":2,"91":1,"92":2,"93":62,"94":3,"95":3,"96":3,"97":1,"98":3,"99":62,"100":1,"101":1,"102":62,"103":1,"104":1,"105":62,"106":9,"107":7,"108":1,"109":7,"110":2,"111":7,"112":3,"113":7,"114":1,"115":2,"116":1,"117":62,"118":46,"119":46,"120":46,"121":62,"122":23,"123":8,"124":15,"125":62,"126":62,"127":32,"128":62,"129":62,"130":62,"131":62,"132":62,"133":62,"134":62,"135":2,"136":2},"f":{"0":62,"1":2,"2":32,"3":2,"4":26,"5":9,"6":28,"7":64,"8":28,"9":8,"10":28,"11":26,"12":28,"13":10,"14":12,"15":1,"16":2,"17":3,"18":1,"19":1,"20":9,"21":46,"22":46,"23":23,"24":62,"25":32,"26":62,"27":62,"28":62},"b":{"0":[0,2],"1":[2,2],"2":[18,14],"3":[2],"4":[12],"5":[28,28],"6":[1],"7":[1],"8":[8,0],"9":[1],"10":[1],"11":[7,2],"12":[1],"13":[2],"14":[3],"15":[1],"16":[1],"17":[2,1],"18":[8],"19":[60,2],"20":[62,62],"21":[2,60],"22":[62,62],"23":[60,2],"24":[62,62],"25":[2,60],"26":[62,62]}}
,"F:\\Projects\\magister\\editor\\src\\components\\autocomplete\\autocomplete.module.css": {"path":"F:\\Projects\\magister\\editor\\src\\components\\autocomplete\\autocomplete.module.css","statementMap":{"0":{"start":{"line":1,"column":0},"end":{"line":1,"column":231}}},"fnMap":{},"branchMap":{},"s":{"0":2},"f":{},"b":{},"_coverageSchema":"1a1c01bbd47fc00a2c39e90264f33305004495a9","hash":"dfa193d6e7a729f953e1893c40cd7eab4b9140ab"}
,"F:\\Projects\\magister\\editor\\src\\components\\button\\button.component.tsx": {"path":"F:\\Projects\\magister\\editor\\src\\components\\button\\button.component.tsx","statementMap":{"0":{"start":{"line":1,"column":0},"end":{"line":1,"column":56}},"1":{"start":{"line":2,"column":0},"end":{"line":2,"column":38}},"2":{"start":{"line":3,"column":0},"end":{"line":3,"column":90}},"3":{"start":{"line":4,"column":0},"end":{"line":4,"column":63}},"4":{"start":{"line":5,"column":0},"end":{"line":5,"column":77}},"5":{"start":{"line":17,"column":22},"end":{"line":88,"column":1}},"6":{"start":{"line":18,"column":28},"end":{"line":66,"column":3}},"7":{"start":{"line":19,"column":4},"end":{"line":27,"column":null}},"8":{"start":{"line":20,"column":6},"end":{"line":26,"column":8}},"9":{"start":{"line":29,"column":4},"end":{"line":65,"column":null}},"10":{"start":{"line":31,"column":8},"end":{"line":40,"column":10}},"11":{"start":{"line":44,"column":8},"end":{"line":53,"column":10}},"12":{"start":{"line":57,"column":8},"end":{"line":63,"column":10}},"13":{"start":{"line":68,"column":28},"end":{"line":81,"column":3}},"14":{"start":{"line":69,"column":4},"end":{"line":71,"column":null}},"15":{"start":{"line":70,"column":6},"end":{"line":70,"column":115}},"16":{"start":{"line":73,"column":4},"end":{"line":78,"column":null}},"17":{"start":{"line":74,"column":6},"end":{"line":77,"column":8}},"18":{"start":{"line":80,"column":4},"end":{"line":80,"column":54}},"19":{"start":{"line":83,"column":2},"end":{"line":87,"column":4}},"20":{"start":{"line":17,"column":13},"end":{"line":17,"column":22}},"21":{"start":{"line":90,"column":0},"end":{"line":95,"column":2}}},"fnMap":{"0":{"name":"(anonymous_1)","decl":{"start":{"line":17,"column":22},"end":{"line":17,"column":23}},"loc":{"start":{"line":17,"column":41},"end":{"line":88,"column":1}}},"1":{"name":"(anonymous_2)","decl":{"start":{"line":18,"column":28},"end":{"line":18,"column":29}},"loc":{"start":{"line":18,"column":63},"end":{"line":66,"column":3}}},"2":{"name":"(anonymous_3)","decl":{"start":{"line":68,"column":28},"end":{"line":68,"column":null}},"loc":{"start":{"line":68,"column":28},"end":{"line":81,"column":3}}}},"branchMap":{"0":{"loc":{"start":{"line":19,"column":4},"end":{"line":27,"column":null}},"type":"if","locations":[{"start":{"line":19,"column":4},"end":{"line":27,"column":null}}]},"1":{"loc":{"start":{"line":29,"column":4},"end":{"line":65,"column":null}},"type":"switch","locations":[{"start":{"line":30,"column":6},"end":{"line":41,"column":null}},{"start":{"line":43,"column":6},"end":{"line":54,"column":null}},{"start":{"line":56,"column":6},"end":{"line":64,"column":null}}]},"2":{"loc":{"start":{"line":69,"column":4},"end":{"line":71,"column":null}},"type":"if","locations":[{"start":{"line":69,"column":4},"end":{"line":71,"column":null}}]},"3":{"loc":{"start":{"line":73,"column":4},"end":{"line":78,"column":null}},"type":"if","locations":[{"start":{"line":73,"column":4},"end":{"line":78,"column":null}}]}},"s":{"0":3,"1":3,"2":3,"3":3,"4":3,"5":3,"6":21,"7":21,"8":2,"9":19,"10":17,"11":1,"12":1,"13":21,"14":21,"15":3,"16":18,"17":3,"18":15,"19":21,"20":3,"21":3},"f":{"0":21,"1":21,"2":21},"b":{"0":[2],"1":[17,1,1],"2":[3],"3":[3]}}
,"F:\\Projects\\magister\\editor\\src\\components\\button\\button.module.css": {"path":"F:\\Projects\\magister\\editor\\src\\components\\button\\button.module.css","statementMap":{"0":{"start":{"line":1,"column":0},"end":{"line":1,"column":83}}},"fnMap":{},"branchMap":{},"s":{"0":3},"f":{},"b":{},"_coverageSchema":"1a1c01bbd47fc00a2c39e90264f33305004495a9","hash":"e51dd692f1e2e447777032785a5c91aefe9c4183"}
,"F:\\Projects\\magister\\editor\\src\\components\\button-group\\button-group.module.css": {"path":"F:\\Projects\\magister\\editor\\src\\components\\button-group\\button-group.module.css","statementMap":{"0":{"start":{"line":1,"column":0},"end":{"line":1,"column":47}}},"fnMap":{},"branchMap":{},"s":{"0":1},"f":{},"b":{},"_coverageSchema":"1a1c01bbd47fc00a2c39e90264f33305004495a9","hash":"0cfdfe0a18c38cb2c4c014d365a382368cf85706"}
,"F:\\Projects\\magister\\editor\\src\\components\\button-group\\button-group.tsx": {"path":"F:\\Projects\\magister\\editor\\src\\components\\button-group\\button-group.tsx","statementMap":{"0":{"start":{"line":1,"column":0},"end":{"line":1,"column":63}},"1":{"start":{"line":2,"column":0},"end":{"line":2,"column":67}},"2":{"start":{"line":4,"column":27},"end":{"line":4,"column":null}},"3":{"start":{"line":4,"column":71},"end":{"line":8,"column":2}},"4":{"start":{"line":4,"column":13},"end":{"line":4,"column":27}}},"fnMap":{"0":{"name":"(anonymous_1)","decl":{"start":{"line":4,"column":27},"end":{"line":4,"column":28}},"loc":{"start":{"line":4,"column":52},"end":{"line":4,"column":null}}}},"branchMap":{},"s":{"0":1,"1":1,"2":1,"3":2,"4":1},"f":{"0":2},"b":{}}
,"F:\\Projects\\magister\\editor\\src\\components\\button\\types\\button-icon-placement.enum.ts": {"path":"F:\\Projects\\magister\\editor\\src\\components\\button\\types\\button-icon-placement.enum.ts","statementMap":{"0":{"start":{"line":1,"column":0},"end":{"line":1,"column":null}},"1":{"start":{"line":2,"column":2},"end":{"line":2,"column":null}},"2":{"start":{"line":3,"column":2},"end":{"line":3,"column":null}}},"fnMap":{"0":{"name":"(anonymous_0)","decl":{"start":{"line":1,"column":0},"end":{"line":1,"column":12}},"loc":{"start":{"line":1,"column":31},"end":{"line":4,"column":1}}}},"branchMap":{"0":{"loc":{"start":{"line":1,"column":12},"end":{"line":1,"column":null}},"type":"binary-expr","locations":[{"start":{"line":1,"column":12},"end":{"line":1,"column":31}},{"start":{"line":1,"column":12},"end":{"line":1,"column":null}}]}},"s":{"0":3,"1":3,"2":3},"f":{"0":3},"b":{"0":[3,3]}}
,"F:\\Projects\\magister\\editor\\src\\components\\code-editor\\code-editor.module.css": {"path":"F:\\Projects\\magister\\editor\\src\\components\\code-editor\\code-editor.module.css","statementMap":{"0":{"start":{"line":1,"column":0},"end":{"line":1,"column":271}}},"fnMap":{},"branchMap":{},"s":{"0":1},"f":{},"b":{},"_coverageSchema":"1a1c01bbd47fc00a2c39e90264f33305004495a9","hash":"d11250f73a31079573c582e49ed7d73b37615f85"}
,"F:\\Projects\\magister\\editor\\src\\components\\code-editor\\code-editor.tsx": {"path":"F:\\Projects\\magister\\editor\\src\\components\\code-editor\\code-editor.tsx","statementMap":{"0":{"start":{"line":1,"column":0},"end":{"line":1,"column":78}},"1":{"start":{"line":2,"column":0},"end":{"line":2,"column":46}},"2":{"start":{"line":3,"column":0},"end":{"line":3,"column":43}},"3":{"start":{"line":4,"column":0},"end":{"line":4,"column":63}},"4":{"start":{"line":5,"column":0},"end":{"line":5,"column":61}},"5":{"start":{"line":6,"column":0},"end":{"line":6,"column":68}},"6":{"start":{"line":7,"column":0},"end":{"line":7,"column":65}},"7":{"start":{"line":8,"column":0},"end":{"line":8,"column":71}},"8":{"start":{"line":9,"column":0},"end":{"line":9,"column":52}},"9":{"start":{"line":10,"column":0},"end":{"line":10,"column":79}},"10":{"start":{"line":11,"column":0},"end":{"line":11,"column":102}},"11":{"start":{"line":13,"column":0},"end":{"line":13,"column":89}},"12":{"start":{"line":14,"column":0},"end":{"line":14,"column":65}},"13":{"start":{"line":15,"column":0},"end":{"line":15,"column":67}},"14":{"start":{"line":16,"column":0},"end":{"line":16,"column":71}},"15":{"start":{"line":17,"column":0},"end":{"line":17,"column":71}},"16":{"start":{"line":24,"column":26},"end":{"line":177,"column":1}},"17":{"start":{"line":25,"column":8},"end":{"line":25,"column":96}},"18":{"start":{"line":25,"column":20},"end":{"line":25,"column":22}},"19":{"start":{"line":25,"column":36},"end":{"line":25,"column":40}},"20":{"start":{"line":26,"column":8},"end":{"line":26,"column":86}},"21":{"start":{"line":26,"column":22},"end":{"line":26,"column":24}},"22":{"start":{"line":26,"column":40},"end":{"line":26,"column":44}},"23":{"start":{"line":27,"column":68},"end":{"line":27,"column":106}},"24":{"start":{"line":27,"column":19},"end":{"line":27,"column":21}},"25":{"start":{"line":27,"column":35},"end":{"line":27,"column":37}},"26":{"start":{"line":27,"column":48},"end":{"line":27,"column":50}},"27":{"start":{"line":27,"column":63},"end":{"line":27,"column":68}},"28":{"start":{"line":28,"column":33},"end":{"line":28,"column":78}},"29":{"start":{"line":28,"column":19},"end":{"line":28,"column":21}},"30":{"start":{"line":28,"column":28},"end":{"line":28,"column":33}},"31":{"start":{"line":29,"column":21},"end":{"line":29,"column":36}},"32":{"start":{"line":30,"column":8},"end":{"line":30,"column":74}},"33":{"start":{"line":30,"column":18},"end":{"line":30,"column":20}},"34":{"start":{"line":30,"column":32},"end":{"line":30,"column":36}},"35":{"start":{"line":31,"column":8},"end":{"line":31,"column":66}},"36":{"start":{"line":31,"column":17},"end":{"line":31,"column":19}},"37":{"start":{"line":31,"column":30},"end":{"line":31,"column":34}},"38":{"start":{"line":32,"column":8},"end":{"line":32,"column":65}},"39":{"start":{"line":32,"column":22},"end":{"line":32,"column":24}},"40":{"start":{"line":32,"column":40},"end":{"line":32,"column":44}},"41":{"start":{"line":34,"column":30},"end":{"line":40,"column":3}},"42":{"start":{"line":35,"column":27},"end":{"line":35,"column":57}},"43":{"start":{"line":36,"column":28},"end":{"line":36,"column":90}},"44":{"start":{"line":37,"column":14},"end":{"line":37,"column":36}},"45":{"start":{"line":38,"column":14},"end":{"line":38,"column":64}},"46":{"start":{"line":39,"column":4},"end":{"line":39,"column":20}},"47":{"start":{"line":42,"column":24},"end":{"line":42,"column":89}},"48":{"start":{"line":42,"column":74},"end":{"line":42,"column":105}},"49":{"start":{"line":44,"column":28},"end":{"line":48,"column":3}},"50":{"start":{"line":45,"column":21},"end":{"line":45,"column":57}},"51":{"start":{"line":46,"column":18},"end":{"line":46,"column":48}},"52":{"start":{"line":47,"column":4},"end":{"line":47,"column":38}},"53":{"start":{"line":50,"column":28},"end":{"line":57,"column":3}},"54":{"start":{"line":51,"column":4},"end":{"line":53,"column":null}},"55":{"start":{"line":52,"column":6},"end":{"line":52,"column":13}},"56":{"start":{"line":55,"column":4},"end":{"line":55,"column":31}},"57":{"start":{"line":56,"column":4},"end":{"line":56,"column":32}},"58":{"start":{"line":59,"column":33},"end":{"line":74,"column":3}},"59":{"start":{"line":60,"column":4},"end":{"line":62,"column":null}},"60":{"start":{"line":61,"column":6},"end":{"line":61,"column":13}},"61":{"start":{"line":64,"column":16},"end":{"line":64,"column":27}},"62":{"start":{"line":66,"column":4},"end":{"line":70,"column":null}},"63":{"start":{"line":67,"column":19},"end":{"line":67,"column":58}},"64":{"start":{"line":68,"column":18},"end":{"line":68,"column":72}},"65":{"start":{"line":69,"column":6},"end":{"line":69,"column":48}},"66":{"start":{"line":72,"column":4},"end":{"line":72,"column":66}},"67":{"start":{"line":73,"column":4},"end":{"line":73,"column":29}},"68":{"start":{"line":76,"column":30},"end":{"line":83,"column":31}},"69":{"start":{"line":77,"column":4},"end":{"line":79,"column":null}},"70":{"start":{"line":78,"column":6},"end":{"line":78,"column":13}},"71":{"start":{"line":81,"column":4},"end":{"line":81,"column":61}},"72":{"start":{"line":82,"column":4},"end":{"line":82,"column":25}},"73":{"start":{"line":85,"column":2},"end":{"line":107,"column":20}},"74":{"start":{"line":86,"column":28},"end":{"line":86,"column":98}},"75":{"start":{"line":88,"column":4},"end":{"line":90,"column":null}},"76":{"start":{"line":89,"column":6},"end":{"line":89,"column":13}},"77":{"start":{"line":92,"column":4},"end":{"line":92,"column":46}},"78":{"start":{"line":94,"column":26},"end":{"line":94,"column":49}},"79":{"start":{"line":94,"column":32},"end":{"line":94,"column":67}},"80":{"start":{"line":95,"column":32},"end":{"line":95,"column":55}},"81":{"start":{"line":95,"column":38},"end":{"line":95,"column":73}},"82":{"start":{"line":96,"column":29},"end":{"line":96,"column":52}},"83":{"start":{"line":96,"column":35},"end":{"line":96,"column":70}},"84":{"start":{"line":98,"column":4},"end":{"line":98,"column":61}},"85":{"start":{"line":99,"column":4},"end":{"line":99,"column":73}},"86":{"start":{"line":100,"column":4},"end":{"line":100,"column":67}},"87":{"start":{"line":102,"column":4},"end":{"line":106,"column":6}},"88":{"start":{"line":103,"column":6},"end":{"line":103,"column":66}},"89":{"start":{"line":104,"column":6},"end":{"line":104,"column":78}},"90":{"start":{"line":105,"column":6},"end":{"line":105,"column":72}},"91":{"start":{"line":109,"column":2},"end":{"line":115,"column":19}},"92":{"start":{"line":110,"column":4},"end":{"line":112,"column":null}},"93":{"start":{"line":111,"column":6},"end":{"line":111,"column":13}},"94":{"start":{"line":114,"column":4},"end":{"line":114,"column":34}},"95":{"start":{"line":117,"column":2},"end":{"line":176,"column":4}},"96":{"start":{"line":129,"column":46},"end":{"line":129,"column":null}},"97":{"start":{"line":145,"column":39},"end":{"line":145,"column":null}},"98":{"start":{"line":172,"column":39},"end":{"line":172,"column":null}},"99":{"start":{"line":24,"column":13},"end":{"line":24,"column":26}}},"fnMap":{"0":{"name":"(anonymous_8)","decl":{"start":{"line":24,"column":26},"end":{"line":24,"column":27}},"loc":{"start":{"line":24,"column":45},"end":{"line":177,"column":1}}},"1":{"name":"(anonymous_9)","decl":{"start":{"line":34,"column":30},"end":{"line":34,"column":31}},"loc":{"start":{"line":34,"column":67},"end":{"line":40,"column":3}}},"2":{"name":"(anonymous_10)","decl":{"start":{"line":42,"column":24},"end":{"line":42,"column":25}},"loc":{"start":{"line":42,"column":61},"end":{"line":42,"column":89}}},"3":{"name":"(anonymous_11)","decl":{"start":{"line":44,"column":28},"end":{"line":44,"column":29}},"loc":{"start":{"line":44,"column":65},"end":{"line":48,"column":3}}},"4":{"name":"(anonymous_12)","decl":{"start":{"line":50,"column":28},"end":{"line":50,"column":29}},"loc":{"start":{"line":50,"column":42},"end":{"line":57,"column":3}}},"5":{"name":"(anonymous_13)","decl":{"start":{"line":59,"column":33},"end":{"line":59,"column":34}},"loc":{"start":{"line":59,"column":73},"end":{"line":74,"column":3}}},"6":{"name":"(anonymous_14)","decl":{"start":{"line":76,"column":42},"end":{"line":76,"column":null}},"loc":{"start":{"line":76,"column":42},"end":{"line":83,"column":3}}},"7":{"name":"(anonymous_15)","decl":{"start":{"line":85,"column":12},"end":{"line":85,"column":null}},"loc":{"start":{"line":85,"column":12},"end":{"line":107,"column":3}}},"8":{"name":"(anonymous_16)","decl":{"start":{"line":94,"column":26},"end":{"line":94,"column":32}},"loc":{"start":{"line":94,"column":26},"end":{"line":94,"column":49}}},"9":{"name":"(anonymous_17)","decl":{"start":{"line":95,"column":32},"end":{"line":95,"column":38}},"loc":{"start":{"line":95,"column":32},"end":{"line":95,"column":55}}},"10":{"name":"(anonymous_18)","decl":{"start":{"line":96,"column":29},"end":{"line":96,"column":35}},"loc":{"start":{"line":96,"column":29},"end":{"line":96,"column":52}}},"11":{"name":"(anonymous_19)","decl":{"start":{"line":102,"column":11},"end":{"line":102,"column":null}},"loc":{"start":{"line":102,"column":11},"end":{"line":106,"column":5}}},"12":{"name":"(anonymous_20)","decl":{"start":{"line":109,"column":12},"end":{"line":109,"column":null}},"loc":{"start":{"line":109,"column":12},"end":{"line":115,"column":3}}},"13":{"name":"(anonymous_21)","decl":{"start":{"line":129,"column":32},"end":{"line":129,"column":33}},"loc":{"start":{"line":129,"column":41},"end":{"line":129,"column":60}}},"14":{"name":"(anonymous_22)","decl":{"start":{"line":145,"column":33},"end":{"line":145,"column":39}},"loc":{"start":{"line":145,"column":33},"end":{"line":145,"column":58}}},"15":{"name":"(anonymous_23)","decl":{"start":{"line":172,"column":26},"end":{"line":172,"column":27}},"loc":{"start":{"line":172,"column":34},"end":{"line":172,"column":44}}}},"branchMap":{"0":{"loc":{"start":{"line":51,"column":4},"end":{"line":53,"column":null}},"type":"if","locations":[{"start":{"line":51,"column":4},"end":{"line":53,"column":null}}]},"1":{"loc":{"start":{"line":60,"column":4},"end":{"line":62,"column":null}},"type":"if","locations":[{"start":{"line":60,"column":4},"end":{"line":62,"column":null}}]},"2":{"loc":{"start":{"line":66,"column":4},"end":{"line":70,"column":null}},"type":"if","locations":[{"start":{"line":66,"column":4},"end":{"line":70,"column":null}}]},"3":{"loc":{"start":{"line":77,"column":4},"end":{"line":79,"column":null}},"type":"if","locations":[{"start":{"line":77,"column":4},"end":{"line":79,"column":null}}]},"4":{"loc":{"start":{"line":77,"column":8},"end":{"line":77,"column":54}},"type":"binary-expr","locations":[{"start":{"line":77,"column":8},"end":{"line":77,"column":28}},{"start":{"line":77,"column":32},"end":{"line":77,"column":54}}]},"5":{"loc":{"start":{"line":88,"column":4},"end":{"line":90,"column":null}},"type":"if","locations":[{"start":{"line":88,"column":4},"end":{"line":90,"column":null}}]},"6":{"loc":{"start":{"line":92,"column":16},"end":{"line":92,"column":44}},"type":"cond-expr","locations":[{"start":{"line":92,"column":16},"end":{"line":92,"column":31}},{"start":{"line":92,"column":35},"end":{"line":92,"column":44}}]},"7":{"loc":{"start":{"line":92,"column":16},"end":{"line":92,"column":35}},"type":"binary-expr","locations":[{"start":{"line":92,"column":16},"end":{"line":92,"column":35}},{"start":{"line":92,"column":16},"end":{"line":92,"column":35}}]},"8":{"loc":{"start":{"line":110,"column":4},"end":{"line":112,"column":null}},"type":"if","locations":[{"start":{"line":110,"column":4},"end":{"line":112,"column":null}}]},"9":{"loc":{"start":{"line":128,"column":37},"end":{"line":128,"column":64}},"type":"binary-expr","locations":[{"start":{"line":128,"column":37},"end":{"line":128,"column":51}},{"start":{"line":128,"column":55},"end":{"line":128,"column":64}}]},"10":{"loc":{"start":{"line":134,"column":9},"end":{"line":161,"column":null}},"type":"binary-expr","locations":[{"start":{"line":134,"column":9},"end":{"line":134,"column":50}},{"start":{"line":135,"column":10},"end":{"line":160,"column":null}}]},"11":{"loc":{"start":{"line":150,"column":22},"end":{"line":150,"column":47}},"type":"cond-expr","locations":[{"start":{"line":150,"column":41},"end":{"line":150,"column":45}},{"start":{"line":150,"column":45},"end":{"line":150,"column":47}}]},"12":{"loc":{"start":{"line":150,"column":22},"end":{"line":150,"column":45}},"type":"binary-expr","locations":[{"start":{"line":150,"column":22},"end":{"line":150,"column":45}},{"start":{"line":150,"column":41},"end":{"line":150,"column":45}}]},"13":{"loc":{"start":{"line":150,"column":22},"end":{"line":150,"column":41}},"type":"cond-expr","locations":[{"start":{"line":150,"column":33},"end":{"line":150,"column":35}},{"start":{"line":150,"column":22},"end":{"line":150,"column":41}}]},"14":{"loc":{"start":{"line":150,"column":22},"end":{"line":150,"column":35}},"type":"binary-expr","locations":[{"start":{"line":150,"column":22},"end":{"line":150,"column":35}},{"start":{"line":150,"column":22},"end":{"line":150,"column":35}}]},"15":{"loc":{"start":{"line":151,"column":25},"end":{"line":151,"column":43}},"type":"cond-expr","locations":[{"start":{"line":151,"column":25},"end":{"line":151,"column":34}},{"start":{"line":151,"column":38},"end":{"line":151,"column":43}}]},"16":{"loc":{"start":{"line":151,"column":25},"end":{"line":151,"column":38}},"type":"binary-expr","locations":[{"start":{"line":151,"column":25},"end":{"line":151,"column":38}},{"start":{"line":151,"column":25},"end":{"line":151,"column":38}}]},"17":{"loc":{"start":{"line":157,"column":24},"end":{"line":157,"column":71}},"type":"cond-expr","locations":[{"start":{"line":157,"column":65},"end":{"line":157,"column":69}},{"start":{"line":157,"column":69},"end":{"line":157,"column":71}}]},"18":{"loc":{"start":{"line":157,"column":24},"end":{"line":157,"column":69}},"type":"binary-expr","locations":[{"start":{"line":157,"column":24},"end":{"line":157,"column":69}},{"start":{"line":157,"column":65},"end":{"line":157,"column":69}}]},"19":{"loc":{"start":{"line":157,"column":24},"end":{"line":157,"column":65}},"type":"cond-expr","locations":[{"start":{"line":157,"column":37},"end":{"line":157,"column":39}},{"start":{"line":157,"column":24},"end":{"line":157,"column":65}}]},"20":{"loc":{"start":{"line":157,"column":24},"end":{"line":157,"column":39}},"type":"binary-expr","locations":[{"start":{"line":157,"column":24},"end":{"line":157,"column":39}},{"start":{"line":157,"column":24},"end":{"line":157,"column":39}}]},"21":{"loc":{"start":{"line":163,"column":9},"end":{"line":164,"column":null}},"type":"binary-expr","locations":[{"start":{"line":163,"column":9},"end":{"line":163,"column":53}},{"start":{"line":164,"column":10},"end":{"line":164,"column":90}}]},"22":{"loc":{"start":{"line":164,"column":58},"end":{"line":164,"column":86}},"type":"cond-expr","locations":[{"start":{"line":164,"column":80},"end":{"line":164,"column":84}},{"start":{"line":164,"column":84},"end":{"line":164,"column":86}}]},"23":{"loc":{"start":{"line":164,"column":58},"end":{"line":164,"column":84}},"type":"binary-expr","locations":[{"start":{"line":164,"column":58},"end":{"line":164,"column":84}},{"start":{"line":164,"column":80},"end":{"line":164,"column":84}}]},"24":{"loc":{"start":{"line":164,"column":58},"end":{"line":164,"column":80}},"type":"cond-expr","locations":[{"start":{"line":164,"column":69},"end":{"line":164,"column":71}},{"start":{"line":164,"column":58},"end":{"line":164,"column":80}}]},"25":{"loc":{"start":{"line":164,"column":58},"end":{"line":164,"column":71}},"type":"binary-expr","locations":[{"start":{"line":164,"column":58},"end":{"line":164,"column":71}},{"start":{"line":164,"column":58},"end":{"line":164,"column":71}}]},"26":{"loc":{"start":{"line":169,"column":19},"end":{"line":169,"column":32}},"type":"binary-expr","locations":[{"start":{"line":169,"column":19},"end":{"line":169,"column":26}},{"start":{"line":169,"column":30},"end":{"line":169,"column":32}}]},"27":{"loc":{"start":{"line":170,"column":20},"end":{"line":170,"column":49}},"type":"cond-expr","locations":[{"start":{"line":170,"column":43},"end":{"line":170,"column":47}},{"start":{"line":170,"column":47},"end":{"line":170,"column":49}}]},"28":{"loc":{"start":{"line":170,"column":20},"end":{"line":170,"column":47}},"type":"binary-expr","locations":[{"start":{"line":170,"column":20},"end":{"line":170,"column":47}},{"start":{"line":170,"column":43},"end":{"line":170,"column":47}}]},"29":{"loc":{"start":{"line":170,"column":20},"end":{"line":170,"column":43}},"type":"cond-expr","locations":[{"start":{"line":170,"column":33},"end":{"line":170,"column":35}},{"start":{"line":170,"column":20},"end":{"line":170,"column":43}}]},"30":{"loc":{"start":{"line":170,"column":20},"end":{"line":170,"column":35}},"type":"binary-expr","locations":[{"start":{"line":170,"column":20},"end":{"line":170,"column":35}},{"start":{"line":170,"column":20},"end":{"line":170,"column":35}}]}},"s":{"0":1,"1":1,"2":1,"3":1,"4":1,"5":1,"6":1,"7":1,"8":1,"9":1,"10":1,"11":1,"12":1,"13":1,"14":1,"15":1,"16":1,"17":5,"18":5,"19":5,"20":5,"21":5,"22":5,"23":5,"24":5,"25":5,"26":5,"27":5,"28":5,"29":5,"30":5,"31":5,"32":5,"33":5,"34":5,"35":5,"36":5,"37":5,"38":5,"39":5,"40":5,"41":5,"42":1,"43":1,"44":1,"45":1,"46":1,"47":5,"48":1,"49":5,"50":1,"51":1,"52":1,"53":5,"54":1,"55":0,"56":1,"57":1,"58":5,"59":0,"60":0,"61":0,"62":0,"63":0,"64":0,"65":0,"66":0,"67":0,"68":5,"69":0,"70":0,"71":0,"72":0,"73":5,"74":2,"75":2,"76":0,"77":2,"78":2,"79":0,"80":2,"81":0,"82":2,"83":0,"84":2,"85":2,"86":2,"87":2,"88":2,"89":2,"90":2,"91":5,"92":2,"93":2,"94":0,"95":5,"96":0,"97":0,"98":0,"99":1},"f":{"0":5,"1":1,"2":1,"3":1,"4":1,"5":0,"6":0,"7":2,"8":0,"9":0,"10":0,"11":2,"12":2,"13":0,"14":0,"15":0},"b":{"0":[0],"1":[0],"2":[0],"3":[0],"4":[0,0],"5":[0],"6":[2,0],"7":[2,2],"8":[2],"9":[5,2],"10":[5,5],"11":[0,5],"12":[5,5],"13":[5,0],"14":[5,5],"15":[5,0],"16":[5,5],"17":[0,5],"18":[5,5],"19":[5,0],"20":[5,5],"21":[5,0],"22":[0,0],"23":[0,0],"24":[0,0],"25":[0,0],"26":[5,5],"27":[0,5],"28":[5,5],"29":[5,0],"30":[5,5]}}
,"F:\\Projects\\magister\\editor\\src\\components\\code-editor\\types\\caret-data.ts": {"path":"F:\\Projects\\magister\\editor\\src\\components\\code-editor\\types\\caret-data.ts","statementMap":{"0":{"start":{"line":11,"column":13},"end":{"line":17,"column":2}}},"fnMap":{},"branchMap":{},"s":{"0":2},"f":{},"b":{}}
,"F:\\Projects\\magister\\editor\\src\\components\\code-editor\\types\\code-editor-view-type.ts": {"path":"F:\\Projects\\magister\\editor\\src\\components\\code-editor\\types\\code-editor-view-type.ts","statementMap":{"0":{"start":{"line":1,"column":0},"end":{"line":1,"column":null}},"1":{"start":{"line":2,"column":2},"end":{"line":2,"column":null}},"2":{"start":{"line":3,"column":2},"end":{"line":3,"column":null}}},"fnMap":{"0":{"name":"(anonymous_0)","decl":{"start":{"line":1,"column":0},"end":{"line":1,"column":12}},"loc":{"start":{"line":1,"column":30},"end":{"line":4,"column":1}}}},"branchMap":{"0":{"loc":{"start":{"line":1,"column":12},"end":{"line":1,"column":null}},"type":"binary-expr","locations":[{"start":{"line":1,"column":12},"end":{"line":1,"column":30}},{"start":{"line":1,"column":12},"end":{"line":1,"column":null}}]}},"s":{"0":2,"1":2,"2":2},"f":{"0":2},"b":{"0":[2,2]}}
,"F:\\Projects\\magister\\editor\\src\\components\\errors-list\\errors-list-item.tsx": {"path":"F:\\Projects\\magister\\editor\\src\\components\\errors-list\\errors-list-item.tsx","statementMap":{"0":{"start":{"line":1,"column":0},"end":{"line":1,"column":44}},"1":{"start":{"line":2,"column":0},"end":{"line":2,"column":68}},"2":{"start":{"line":10,"column":30},"end":{"line":23,"column":1}},"3":{"start":{"line":11,"column":30},"end":{"line":12,"column":13}},"4":{"start":{"line":12,"column":4},"end":{"line":12,"column":71}},"5":{"start":{"line":14,"column":2},"end":{"line":22,"column":4}},"6":{"start":{"line":10,"column":13},"end":{"line":10,"column":30}}},"fnMap":{"0":{"name":"(anonymous_1)","decl":{"start":{"line":10,"column":30},"end":{"line":10,"column":31}},"loc":{"start":{"line":10,"column":57},"end":{"line":23,"column":1}}},"1":{"name":"(anonymous_2)","decl":{"start":{"line":11,"column":30},"end":{"line":11,"column":31}},"loc":{"start":{"line":11,"column":57},"end":{"line":12,"column":13}}}},"branchMap":{},"s":{"0":3,"1":3,"2":3,"3":4,"4":4,"5":4,"6":3},"f":{"0":4,"1":4},"b":{}}
,"F:\\Projects\\magister\\editor\\src\\components\\errors-list\\errors-list.module.css": {"path":"F:\\Projects\\magister\\editor\\src\\components\\errors-list\\errors-list.module.css","statementMap":{"0":{"start":{"line":1,"column":0},"end":{"line":1,"column":275}}},"fnMap":{},"branchMap":{},"s":{"0":3},"f":{},"b":{},"_coverageSchema":"1a1c01bbd47fc00a2c39e90264f33305004495a9","hash":"bbaf8ee1816a2f334bd46fcbecc8ba8c8743aa0b"}
,"F:\\Projects\\magister\\editor\\src\\components\\errors-list\\errors-list.tsx": {"path":"F:\\Projects\\magister\\editor\\src\\components\\errors-list\\errors-list.tsx","statementMap":{"0":{"start":{"line":1,"column":0},"end":{"line":1,"column":44}},"1":{"start":{"line":2,"column":0},"end":{"line":2,"column":46}},"2":{"start":{"line":4,"column":0},"end":{"line":4,"column":63}},"3":{"start":{"line":5,"column":0},"end":{"line":5,"column":57}},"4":{"start":{"line":6,"column":0},"end":{"line":6,"column":75}},"5":{"start":{"line":7,"column":0},"end":{"line":7,"column":74}},"6":{"start":{"line":15,"column":26},"end":{"line":65,"column":1}},"7":{"start":{"line":16,"column":2},"end":{"line":25,"column":null}},"8":{"start":{"line":17,"column":4},"end":{"line":24,"column":6}},"9":{"start":{"line":27,"column":2},"end":{"line":36,"column":null}},"10":{"start":{"line":28,"column":4},"end":{"line":35,"column":6}},"11":{"start":{"line":38,"column":2},"end":{"line":47,"column":null}},"12":{"start":{"line":39,"column":4},"end":{"line":46,"column":6}},"13":{"start":{"line":49,"column":2},"end":{"line":64,"column":4}},"14":{"start":{"line":59,"column":44},"end":{"line":61,"column":10}},"15":{"start":{"line":15,"column":13},"end":{"line":15,"column":26}}},"fnMap":{"0":{"name":"(anonymous_1)","decl":{"start":{"line":15,"column":26},"end":{"line":15,"column":27}},"loc":{"start":{"line":15,"column":49},"end":{"line":65,"column":1}}},"1":{"name":"(anonymous_2)","decl":{"start":{"line":59,"column":26},"end":{"line":59,"column":27}},"loc":{"start":{"line":59,"column":39},"end":{"line":59,"column":null}}}},"branchMap":{"0":{"loc":{"start":{"line":16,"column":2},"end":{"line":25,"column":null}},"type":"if","locations":[{"start":{"line":16,"column":2},"end":{"line":25,"column":null}}]},"1":{"loc":{"start":{"line":27,"column":2},"end":{"line":36,"column":null}},"type":"if","locations":[{"start":{"line":27,"column":2},"end":{"line":36,"column":null}}]},"2":{"loc":{"start":{"line":38,"column":2},"end":{"line":47,"column":null}},"type":"if","locations":[{"start":{"line":38,"column":2},"end":{"line":47,"column":null}}]}},"s":{"0":2,"1":2,"2":2,"3":2,"4":2,"5":2,"6":2,"7":9,"8":4,"9":5,"10":1,"11":4,"12":3,"13":1,"14":2,"15":2},"f":{"0":9,"1":2},"b":{"0":[4],"1":[1],"2":[3]}}
,"F:\\Projects\\magister\\editor\\src\\components\\examples-list\\example-code.tsx": {"path":"F:\\Projects\\magister\\editor\\src\\components\\examples-list\\example-code.tsx","statementMap":{"0":{"start":{"line":1,"column":0},"end":{"line":1,"column":44}},"1":{"start":{"line":2,"column":0},"end":{"line":2,"column":38}},"2":{"start":{"line":3,"column":0},"end":{"line":3,"column":45}},"3":{"start":{"line":4,"column":0},"end":{"line":4,"column":69}},"4":{"start":{"line":5,"column":0},"end":{"line":5,"column":60}},"5":{"start":{"line":13,"column":17},"end":{"line":13,"column":21}},"6":{"start":{"line":14,"column":19},"end":{"line":14,"column":56}},"7":{"start":{"line":16,"column":27},"end":{"line":52,"column":1}},"8":{"start":{"line":17,"column":23},"end":{"line":17,"column":null}},"9":{"start":{"line":17,"column":70},"end":{"line":22,"column":4}},"10":{"start":{"line":24,"column":29},"end":{"line":36,"column":3}},"11":{"start":{"line":32,"column":4},"end":{"line":35,"column":18}},"12":{"start":{"line":34,"column":28},"end":{"line":34,"column":71}},"13":{"start":{"line":38,"column":23},"end":{"line":39,"column":13}},"14":{"start":{"line":39,"column":4},"end":{"line":39,"column":117}},"15":{"start":{"line":41,"column":2},"end":{"line":51,"column":4}},"16":{"start":{"line":16,"column":13},"end":{"line":16,"column":27}}},"fnMap":{"0":{"name":"(anonymous_1)","decl":{"start":{"line":16,"column":27},"end":{"line":16,"column":28}},"loc":{"start":{"line":16,"column":51},"end":{"line":52,"column":1}}},"1":{"name":"(anonymous_2)","decl":{"start":{"line":17,"column":23},"end":{"line":17,"column":24}},"loc":{"start":{"line":17,"column":51},"end":{"line":17,"column":null}}},"2":{"name":"(anonymous_3)","decl":{"start":{"line":24,"column":29},"end":{"line":24,"column":null}},"loc":{"start":{"line":29,"column":22},"end":{"line":36,"column":3}}},"3":{"name":"(anonymous_4)","decl":{"start":{"line":34,"column":11},"end":{"line":34,"column":12}},"loc":{"start":{"line":34,"column":23},"end":{"line":34,"column":31}}},"4":{"name":"(anonymous_5)","decl":{"start":{"line":38,"column":23},"end":{"line":38,"column":24}},"loc":{"start":{"line":38,"column":37},"end":{"line":39,"column":13}}}},"branchMap":{},"s":{"0":4,"1":4,"2":4,"3":4,"4":4,"5":4,"6":4,"7":4,"8":39,"9":54,"10":39,"11":8,"12":17,"13":39,"14":39,"15":39,"16":4},"f":{"0":39,"1":54,"2":8,"3":17,"4":39},"b":{}}
,"F:\\Projects\\magister\\editor\\src\\components\\examples-list\\example-element.tsx": {"path":"F:\\Projects\\magister\\editor\\src\\components\\examples-list\\example-element.tsx","statementMap":{"0":{"start":{"line":1,"column":0},"end":{"line":1,"column":44}},"1":{"start":{"line":3,"column":0},"end":{"line":3,"column":69}},"2":{"start":{"line":5,"column":0},"end":{"line":5,"column":69}},"3":{"start":{"line":13,"column":30},"end":{"line":13,"column":null}},"4":{"start":{"line":13,"column":76},"end":{"line":20,"column":2}},"5":{"start":{"line":14,"column":45},"end":{"line":14,"column":87}},"6":{"start":{"line":13,"column":13},"end":{"line":13,"column":30}}},"fnMap":{"0":{"name":"(anonymous_1)","decl":{"start":{"line":13,"column":30},"end":{"line":13,"column":31}},"loc":{"start":{"line":13,"column":57},"end":{"line":13,"column":null}}},"1":{"name":"(anonymous_2)","decl":{"start":{"line":14,"column":39},"end":{"line":14,"column":45}},"loc":{"start":{"line":14,"column":39},"end":{"line":14,"column":50}}}},"branchMap":{},"s":{"0":3,"1":3,"2":3,"3":3,"4":34,"5":2,"6":3},"f":{"0":34,"1":2},"b":{}}
,"F:\\Projects\\magister\\editor\\src\\components\\examples-list\\examples-list.module.css": {"path":"F:\\Projects\\magister\\editor\\src\\components\\examples-list\\examples-list.module.css","statementMap":{"0":{"start":{"line":1,"column":0},"end":{"line":1,"column":489}}},"fnMap":{},"branchMap":{},"s":{"0":4},"f":{},"b":{},"_coverageSchema":"1a1c01bbd47fc00a2c39e90264f33305004495a9","hash":"b5052fc05d98a4cff7ae08d544f61c40c970d43b"}
,"F:\\Projects\\magister\\editor\\src\\components\\examples-list\\examples-list.tsx": {"path":"F:\\Projects\\magister\\editor\\src\\components\\examples-list\\examples-list.tsx","statementMap":{"0":{"start":{"line":1,"column":0},"end":{"line":1,"column":65}},"1":{"start":{"line":3,"column":0},"end":{"line":3,"column":69}},"2":{"start":{"line":4,"column":0},"end":{"line":4,"column":27}},"3":{"start":{"line":6,"column":0},"end":{"line":6,"column":55}},"4":{"start":{"line":7,"column":0},"end":{"line":7,"column":75}},"5":{"start":{"line":8,"column":0},"end":{"line":8,"column":63}},"6":{"start":{"line":19,"column":20},"end":{"line":23,"column":2}},"7":{"start":{"line":25,"column":28},"end":{"line":84,"column":1}},"8":{"start":{"line":26,"column":8},"end":{"line":26,"column":76}},"9":{"start":{"line":26,"column":13},"end":{"line":26,"column":15}},"10":{"start":{"line":26,"column":22},"end":{"line":26,"column":26}},"11":{"start":{"line":27,"column":8},"end":{"line":27,"column":63}},"12":{"start":{"line":27,"column":21},"end":{"line":27,"column":23}},"13":{"start":{"line":27,"column":38},"end":{"line":27,"column":42}},"14":{"start":{"line":28,"column":8},"end":{"line":28,"column":73}},"15":{"start":{"line":28,"column":17},"end":{"line":28,"column":19}},"16":{"start":{"line":28,"column":30},"end":{"line":28,"column":34}},"17":{"start":{"line":29,"column":32},"end":{"line":29,"column":62}},"18":{"start":{"line":31,"column":28},"end":{"line":31,"column":67}},"19":{"start":{"line":31,"column":63},"end":{"line":31,"column":113}},"20":{"start":{"line":31,"column":100},"end":{"line":31,"column":112}},"21":{"start":{"line":33,"column":2},"end":{"line":37,"column":23}},"22":{"start":{"line":34,"column":4},"end":{"line":34,"column":51}},"23":{"start":{"line":35,"column":26},"end":{"line":35,"column":57}},"24":{"start":{"line":36,"column":4},"end":{"line":36,"column":31}},"25":{"start":{"line":39,"column":29},"end":{"line":42,"column":3}},"26":{"start":{"line":40,"column":4},"end":{"line":40,"column":26}},"27":{"start":{"line":41,"column":4},"end":{"line":41,"column":34}},"28":{"start":{"line":44,"column":2},"end":{"line":52,"column":37}},"29":{"start":{"line":45,"column":4},"end":{"line":48,"column":null}},"30":{"start":{"line":46,"column":6},"end":{"line":46,"column":34}},"31":{"start":{"line":47,"column":6},"end":{"line":47,"column":13}},"32":{"start":{"line":50,"column":26},"end":{"line":50,"column":66}},"33":{"start":{"line":51,"column":4},"end":{"line":51,"column":31}},"34":{"start":{"line":54,"column":2},"end":{"line":83,"column":4}},"35":{"start":{"line":63,"column":29},"end":{"line":63,"column":null}},"36":{"start":{"line":72,"column":44},"end":{"line":79,"column":12}},"37":{"start":{"line":77,"column":36},"end":{"line":77,"column":null}},"38":{"start":{"line":25,"column":13},"end":{"line":25,"column":28}}},"fnMap":{"0":{"name":"(anonymous_8)","decl":{"start":{"line":25,"column":28},"end":{"line":25,"column":29}},"loc":{"start":{"line":25,"column":53},"end":{"line":84,"column":1}}},"1":{"name":"(anonymous_9)","decl":{"start":{"line":31,"column":28},"end":{"line":31,"column":29}},"loc":{"start":{"line":31,"column":44},"end":{"line":31,"column":67}}},"2":{"name":"(anonymous_10)","decl":{"start":{"line":31,"column":88},"end":{"line":31,"column":89}},"loc":{"start":{"line":31,"column":95},"end":{"line":31,"column":106}}},"3":{"name":"(anonymous_11)","decl":{"start":{"line":33,"column":12},"end":{"line":33,"column":null}},"loc":{"start":{"line":33,"column":12},"end":{"line":37,"column":3}}},"4":{"name":"(anonymous_12)","decl":{"start":{"line":39,"column":29},"end":{"line":39,"column":30}},"loc":{"start":{"line":39,"column":49},"end":{"line":42,"column":3}}},"5":{"name":"(anonymous_13)","decl":{"start":{"line":44,"column":12},"end":{"line":44,"column":null}},"loc":{"start":{"line":44,"column":12},"end":{"line":52,"column":3}}},"6":{"name":"(anonymous_14)","decl":{"start":{"line":63,"column":18},"end":{"line":63,"column":19}},"loc":{"start":{"line":63,"column":24},"end":{"line":63,"column":44}}},"7":{"name":"(anonymous_15)","decl":{"start":{"line":72,"column":24},"end":{"line":72,"column":25}},"loc":{"start":{"line":72,"column":39},"end":{"line":72,"column":null}}},"8":{"name":"(anonymous_16)","decl":{"start":{"line":77,"column":23},"end":{"line":77,"column":24}},"loc":{"start":{"line":77,"column":31},"end":{"line":77,"column":54}}}},"branchMap":{"0":{"loc":{"start":{"line":45,"column":4},"end":{"line":48,"column":null}},"type":"if","locations":[{"start":{"line":45,"column":4},"end":{"line":48,"column":null}}]},"1":{"loc":{"start":{"line":66,"column":7},"end":{"line":80,"column":null}},"type":"cond-expr","locations":[{"start":{"line":67,"column":8},"end":{"line":68,"column":null}},{"start":{"line":71,"column":8},"end":{"line":79,"column":null}}]}},"s":{"0":2,"1":2,"2":2,"3":2,"4":2,"5":2,"6":2,"7":2,"8":21,"9":21,"10":21,"11":21,"12":21,"13":21,"14":21,"15":21,"16":21,"17":21,"18":21,"19":9,"20":1,"21":21,"22":8,"23":8,"24":8,"25":21,"26":1,"27":1,"28":21,"29":10,"30":9,"31":9,"32":1,"33":1,"34":21,"35":3,"36":31,"37":1,"38":2},"f":{"0":21,"1":9,"2":1,"3":8,"4":1,"5":10,"6":3,"7":31,"8":1},"b":{"0":[9],"1":[6,15]}}
,"F:\\Projects\\magister\\editor\\src\\components\\parse-tree\\parse-tree-view-options.ts": {"path":"F:\\Projects\\magister\\editor\\src\\components\\parse-tree\\parse-tree-view-options.ts","statementMap":{"0":{"start":{"line":3,"column":13},"end":{"line":37,"column":2}}},"fnMap":{},"branchMap":{},"s":{"0":2},"f":{},"b":{}}
,"F:\\Projects\\magister\\editor\\src\\components\\parse-tree\\parse-tree-view.tsx": {"path":"F:\\Projects\\magister\\editor\\src\\components\\parse-tree\\parse-tree-view.tsx","statementMap":{"0":{"start":{"line":1,"column":0},"end":{"line":1,"column":49}},"1":{"start":{"line":2,"column":0},"end":{"line":2,"column":38}},"2":{"start":{"line":4,"column":0},"end":{"line":4,"column":86}},"3":{"start":{"line":5,"column":0},"end":{"line":5,"column":63}},"4":{"start":{"line":6,"column":0},"end":{"line":6,"column":63}},"5":{"start":{"line":7,"column":0},"end":{"line":7,"column":89}},"6":{"start":{"line":14,"column":29},"end":{"line":50,"column":1}},"7":{"start":{"line":14,"column":41},"end":{"line":14,"column":43}},"8":{"start":{"line":14,"column":52},"end":{"line":14,"column":74}},"9":{"start":{"line":15,"column":23},"end":{"line":15,"column":51}},"10":{"start":{"line":16,"column":21},"end":{"line":16,"column":49}},"11":{"start":{"line":17,"column":42},"end":{"line":17,"column":74}},"12":{"start":{"line":17,"column":22},"end":{"line":17,"column":24}},"13":{"start":{"line":17,"column":37},"end":{"line":17,"column":42}},"14":{"start":{"line":19,"column":2},"end":{"line":35,"column":33}},"15":{"start":{"line":20,"column":4},"end":{"line":22,"column":null}},"16":{"start":{"line":21,"column":6},"end":{"line":21,"column":13}},"17":{"start":{"line":24,"column":4},"end":{"line":24,"column":34}},"18":{"start":{"line":25,"column":22},"end":{"line":25,"column":42}},"19":{"start":{"line":26,"column":29},"end":{"line":26,"column":43}},"20":{"start":{"line":27,"column":4},"end":{"line":27,"column":88}},"21":{"start":{"line":28,"column":4},"end":{"line":28,"column":30}},"22":{"start":{"line":29,"column":4},"end":{"line":29,"column":33}},"23":{"start":{"line":31,"column":4},"end":{"line":34,"column":6}},"24":{"start":{"line":32,"column":6},"end":{"line":32,"column":36}},"25":{"start":{"line":33,"column":6},"end":{"line":33,"column":32}},"26":{"start":{"line":37,"column":2},"end":{"line":49,"column":4}},"27":{"start":{"line":14,"column":13},"end":{"line":14,"column":29}}},"fnMap":{"0":{"name":"(anonymous_7)","decl":{"start":{"line":14,"column":29},"end":{"line":14,"column":30}},"loc":{"start":{"line":14,"column":74},"end":{"line":50,"column":1}}},"1":{"name":"(anonymous_8)","decl":{"start":{"line":19,"column":12},"end":{"line":19,"column":null}},"loc":{"start":{"line":19,"column":12},"end":{"line":35,"column":3}}},"2":{"name":"(anonymous_9)","decl":{"start":{"line":31,"column":11},"end":{"line":31,"column":null}},"loc":{"start":{"line":31,"column":11},"end":{"line":34,"column":5}}}},"branchMap":{"0":{"loc":{"start":{"line":20,"column":4},"end":{"line":22,"column":null}},"type":"if","locations":[{"start":{"line":20,"column":4},"end":{"line":22,"column":null}}]},"1":{"loc":{"start":{"line":24,"column":4},"end":{"line":24,"column":33}},"type":"cond-expr","locations":[{"start":{"line":24,"column":22},"end":{"line":24,"column":24}},{"start":{"line":24,"column":22},"end":{"line":24,"column":33}}]},"2":{"loc":{"start":{"line":24,"column":4},"end":{"line":24,"column":24}},"type":"binary-expr","locations":[{"start":{"line":24,"column":4},"end":{"line":24,"column":24}},{"start":{"line":24,"column":22},"end":{"line":24,"column":24}}]},"3":{"loc":{"start":{"line":28,"column":4},"end":{"line":28,"column":29}},"type":"cond-expr","locations":[{"start":{"line":28,"column":22},"end":{"line":28,"column":24}},{"start":{"line":28,"column":22},"end":{"line":28,"column":29}}]},"4":{"loc":{"start":{"line":28,"column":4},"end":{"line":28,"column":24}},"type":"binary-expr","locations":[{"start":{"line":28,"column":4},"end":{"line":28,"column":24}},{"start":{"line":28,"column":22},"end":{"line":28,"column":24}}]},"5":{"loc":{"start":{"line":29,"column":4},"end":{"line":29,"column":32}},"type":"cond-expr","locations":[{"start":{"line":29,"column":22},"end":{"line":29,"column":24}},{"start":{"line":29,"column":22},"end":{"line":29,"column":32}}]},"6":{"loc":{"start":{"line":29,"column":4},"end":{"line":29,"column":24}},"type":"binary-expr","locations":[{"start":{"line":29,"column":4},"end":{"line":29,"column":24}},{"start":{"line":29,"column":22},"end":{"line":29,"column":24}}]},"7":{"loc":{"start":{"line":32,"column":6},"end":{"line":32,"column":35}},"type":"cond-expr","locations":[{"start":{"line":32,"column":24},"end":{"line":32,"column":26}},{"start":{"line":32,"column":24},"end":{"line":32,"column":35}}]},"8":{"loc":{"start":{"line":32,"column":6},"end":{"line":32,"column":26}},"type":"binary-expr","locations":[{"start":{"line":32,"column":6},"end":{"line":32,"column":26}},{"start":{"line":32,"column":24},"end":{"line":32,"column":26}}]},"9":{"loc":{"start":{"line":39,"column":69},"end":{"line":39,"column":115}},"type":"cond-expr","locations":[{"start":{"line":39,"column":97},"end":{"line":39,"column":106}},{"start":{"line":39,"column":109},"end":{"line":39,"column":115}}]},"10":{"loc":{"start":{"line":39,"column":69},"end":{"line":39,"column":94}},"type":"binary-expr","locations":[{"start":{"line":39,"column":69},"end":{"line":39,"column":78}},{"start":{"line":39,"column":82},"end":{"line":39,"column":94}}]},"11":{"loc":{"start":{"line":46,"column":26},"end":{"line":46,"column":72}},"type":"cond-expr","locations":[{"start":{"line":46,"column":54},"end":{"line":46,"column":60}},{"start":{"line":46,"column":63},"end":{"line":46,"column":72}}]},"12":{"loc":{"start":{"line":46,"column":26},"end":{"line":46,"column":51}},"type":"binary-expr","locations":[{"start":{"line":46,"column":26},"end":{"line":46,"column":35}},{"start":{"line":46,"column":39},"end":{"line":46,"column":51}}]}},"s":{"0":2,"1":2,"2":2,"3":2,"4":2,"5":2,"6":2,"7":20,"8":20,"9":20,"10":20,"11":20,"12":20,"13":20,"14":20,"15":20,"16":0,"17":20,"18":20,"19":40,"20":20,"21":20,"22":20,"23":20,"24":20,"25":20,"26":20,"27":2},"f":{"0":20,"1":20,"2":20},"b":{"0":[0],"1":[20,0],"2":[20,0],"3":[0,20],"4":[20,20],"5":[0,20],"6":[20,20],"7":[0,20],"8":[20,20],"9":[4,16],"10":[20,16],"11":[4,16],"12":[20,16]}}
,"F:\\Projects\\magister\\editor\\src\\components\\parse-tree\\parse-tree.module.css": {"path":"F:\\Projects\\magister\\editor\\src\\components\\parse-tree\\parse-tree.module.css","statementMap":{"0":{"start":{"line":1,"column":0},"end":{"line":1,"column":127}}},"fnMap":{},"branchMap":{},"s":{"0":2},"f":{},"b":{},"_coverageSchema":"1a1c01bbd47fc00a2c39e90264f33305004495a9","hash":"57646218fa7bfffae18682f0bf7853303d066921"}
,"F:\\Projects\\magister\\editor\\src\\components\\share-button\\share-button.tsx": {"path":"F:\\Projects\\magister\\editor\\src\\components\\share-button\\share-button.tsx","statementMap":{"0":{"start":{"line":1,"column":0},"end":{"line":1,"column":65}},"1":{"start":{"line":2,"column":0},"end":{"line":2,"column":55}},"2":{"start":{"line":4,"column":0},"end":{"line":4,"column":61}},"3":{"start":{"line":5,"column":0},"end":{"line":5,"column":57}},"4":{"start":{"line":11,"column":27},"end":{"line":63,"column":1}},"5":{"start":{"line":12,"column":21},"end":{"line":12,"column":35}},"6":{"start":{"line":13,"column":8},"end":{"line":13,"column":61}},"7":{"start":{"line":13,"column":18},"end":{"line":13,"column":20}},"8":{"start":{"line":13,"column":32},"end":{"line":13,"column":36}},"9":{"start":{"line":14,"column":8},"end":{"line":14,"column":59}},"10":{"start":{"line":14,"column":17},"end":{"line":14,"column":19}},"11":{"start":{"line":14,"column":30},"end":{"line":14,"column":34}},"12":{"start":{"line":16,"column":22},"end":{"line":17,"column":9}},"13":{"start":{"line":17,"column":4},"end":{"line":25,"column":43}},"14":{"start":{"line":25,"column":26},"end":{"line":25,"column":42}},"15":{"start":{"line":27,"column":22},"end":{"line":47,"column":4}},"16":{"start":{"line":28,"column":4},"end":{"line":28,"column":23}},"17":{"start":{"line":29,"column":10},"end":{"line":29,"column":46}},"18":{"start":{"line":30,"column":10},"end":{"line":30,"column":62}},"19":{"start":{"line":31,"column":8},"end":{"line":31,"column":41}},"20":{"start":{"line":33,"column":4},"end":{"line":35,"column":null}},"21":{"start":{"line":34,"column":6},"end":{"line":34,"column":67}},"22":{"start":{"line":37,"column":4},"end":{"line":41,"column":null}},"23":{"start":{"line":38,"column":6},"end":{"line":38,"column":45}},"24":{"start":{"line":40,"column":6},"end":{"line":40,"column":45}},"25":{"start":{"line":43,"column":23},"end":{"line":43,"column":null}},"26":{"start":{"line":43,"column":10},"end":{"line":43,"column":null}},"27":{"start":{"line":44,"column":4},"end":{"line":44,"column":56}},"28":{"start":{"line":45,"column":4},"end":{"line":45,"column":24}},"29":{"start":{"line":46,"column":4},"end":{"line":46,"column":22}},"30":{"start":{"line":49,"column":2},"end":{"line":51,"column":17}},"31":{"start":{"line":50,"column":4},"end":{"line":50,"column":47}},"32":{"start":{"line":50,"column":21},"end":{"line":50,"column":41}},"33":{"start":{"line":53,"column":2},"end":{"line":62,"column":4}},"34":{"start":{"line":11,"column":13},"end":{"line":11,"column":27}}},"fnMap":{"0":{"name":"(anonymous_20)","decl":{"start":{"line":11,"column":27},"end":{"line":11,"column":28}},"loc":{"start":{"line":11,"column":51},"end":{"line":63,"column":1}}},"1":{"name":"(anonymous_21)","decl":{"start":{"line":16,"column":22},"end":{"line":16,"column":23}},"loc":{"start":{"line":16,"column":34},"end":{"line":17,"column":9}}},"2":{"name":"(anonymous_22)","decl":{"start":{"line":25,"column":12},"end":{"line":25,"column":13}},"loc":{"start":{"line":25,"column":21},"end":{"line":25,"column":34}}},"3":{"name":"(anonymous_23)","decl":{"start":{"line":27,"column":22},"end":{"line":27,"column":null}},"loc":{"start":{"line":27,"column":22},"end":{"line":47,"column":4}}},"4":{"name":"(anonymous_26)","decl":{"start":{"line":49,"column":12},"end":{"line":49,"column":null}},"loc":{"start":{"line":49,"column":12},"end":{"line":51,"column":3}}},"5":{"name":"(anonymous_27)","decl":{"start":{"line":50,"column":15},"end":{"line":50,"column":21}},"loc":{"start":{"line":50,"column":15},"end":{"line":50,"column":32}}}},"branchMap":{"0":{"loc":{"start":{"line":33,"column":4},"end":{"line":35,"column":null}},"type":"if","locations":[{"start":{"line":33,"column":4},"end":{"line":35,"column":null}}]},"1":{"loc":{"start":{"line":37,"column":4},"end":{"line":41,"column":null}},"type":"if","locations":[{"start":{"line":37,"column":4},"end":{"line":41,"column":null}},{"start":{"line":39,"column":11},"end":{"line":41,"column":null}}]}},"s":{"0":2,"1":2,"2":2,"3":2,"4":2,"5":14,"6":14,"7":14,"8":14,"9":14,"10":14,"11":14,"12":14,"13":2,"14":2,"15":16,"16":2,"17":2,"18":2,"19":2,"20":2,"21":1,"22":2,"23":1,"24":1,"25":2,"26":2,"27":4,"28":2,"29":2,"30":14,"31":9,"32":6,"33":14,"34":2},"f":{"0":14,"1":2,"2":2,"3":4,"4":9,"5":6},"b":{"0":[1],"1":[1,1]}}
,"F:\\Projects\\magister\\editor\\src\\components\\view-select\\view-select.module.css": {"path":"F:\\Projects\\magister\\editor\\src\\components\\view-select\\view-select.module.css","statementMap":{"0":{"start":{"line":1,"column":0},"end":{"line":1,"column":109}}},"fnMap":{},"branchMap":{},"s":{"0":2},"f":{},"b":{},"_coverageSchema":"1a1c01bbd47fc00a2c39e90264f33305004495a9","hash":"b9df6a32e3c4e7d8a239c49da8720e4a6fa21fc9"}
,"F:\\Projects\\magister\\editor\\src\\components\\view-select\\view-select.tsx": {"path":"F:\\Projects\\magister\\editor\\src\\components\\view-select\\view-select.tsx","statementMap":{"0":{"start":{"line":1,"column":0},"end":{"line":1,"column":57}},"1":{"start":{"line":2,"column":0},"end":{"line":2,"column":68}},"2":{"start":{"line":3,"column":0},"end":{"line":3,"column":89}},"3":{"start":{"line":11,"column":26},"end":{"line":37,"column":1}},"4":{"start":{"line":11,"column":34},"end":{"line":11,"column":36}},"5":{"start":{"line":11,"column":59},"end":{"line":11,"column":61}},"6":{"start":{"line":11,"column":79},"end":{"line":11,"column":98}},"7":{"start":{"line":12,"column":23},"end":{"line":15,"column":null}},"8":{"start":{"line":14,"column":6},"end":{"line":14,"column":null}},"9":{"start":{"line":18,"column":2},"end":{"line":36,"column":4}},"10":{"start":{"line":21,"column":23},"end":{"line":21,"column":null}},"11":{"start":{"line":28,"column":23},"end":{"line":28,"column":null}},"12":{"start":{"line":11,"column":13},"end":{"line":11,"column":26}}},"fnMap":{"0":{"name":"(anonymous_7)","decl":{"start":{"line":11,"column":26},"end":{"line":11,"column":27}},"loc":{"start":{"line":11,"column":98},"end":{"line":37,"column":1}}},"1":{"name":"(anonymous_8)","decl":{"start":{"line":13,"column":4},"end":{"line":13,"column":5}},"loc":{"start":{"line":13,"column":33},"end":{"line":14,"column":11}}},"2":{"name":"(anonymous_9)","decl":{"start":{"line":21,"column":17},"end":{"line":21,"column":23}},"loc":{"start":{"line":21,"column":17},"end":{"line":21,"column":41}}},"3":{"name":"(anonymous_10)","decl":{"start":{"line":28,"column":17},"end":{"line":28,"column":23}},"loc":{"start":{"line":28,"column":17},"end":{"line":28,"column":41}}}},"branchMap":{"0":{"loc":{"start":{"line":14,"column":6},"end":{"line":14,"column":98}},"type":"cond-expr","locations":[{"start":{"line":14,"column":27},"end":{"line":14,"column":76}},{"start":{"line":14,"column":79},"end":{"line":14,"column":98}}]}},"s":{"0":2,"1":2,"2":2,"3":2,"4":9,"5":9,"6":9,"7":9,"8":18,"9":9,"10":1,"11":1,"12":2},"f":{"0":9,"1":18,"2":1,"3":1},"b":{"0":[9,9]}}
,"F:\\Projects\\magister\\editor\\src\\components\\worker-select\\worker-select.module.css": {"path":"F:\\Projects\\magister\\editor\\src\\components\\worker-select\\worker-select.module.css","statementMap":{"0":{"start":{"line":1,"column":0},"end":{"line":1,"column":99}}},"fnMap":{},"branchMap":{},"s":{"0":2},"f":{},"b":{},"_coverageSchema":"1a1c01bbd47fc00a2c39e90264f33305004495a9","hash":"35feb4be7c27632e151329c82688608cf7282e32"}
,"F:\\Projects\\magister\\editor\\src\\components\\worker-select\\worker-select.tsx": {"path":"F:\\Projects\\magister\\editor\\src\\components\\worker-select\\worker-select.tsx","statementMap":{"0":{"start":{"line":1,"column":0},"end":{"line":1,"column":38}},"1":{"start":{"line":2,"column":0},"end":{"line":2,"column":67}},"2":{"start":{"line":3,"column":0},"end":{"line":3,"column":69}},"3":{"start":{"line":10,"column":28},"end":{"line":40,"column":1}},"4":{"start":{"line":10,"column":36},"end":{"line":10,"column":38}},"5":{"start":{"line":10,"column":46},"end":{"line":10,"column":67}},"6":{"start":{"line":11,"column":20},"end":{"line":11,"column":47}},"7":{"start":{"line":12,"column":21},"end":{"line":12,"column":45}},"8":{"start":{"line":14,"column":21},"end":{"line":15,"column":20}},"9":{"start":{"line":15,"column":4},"end":{"line":24,"column":7}},"10":{"start":{"line":15,"column":43},"end":{"line":24,"column":6}},"11":{"start":{"line":26,"column":28},"end":{"line":26,"column":66}},"12":{"start":{"line":26,"column":50},"end":{"line":26,"column":112}},"13":{"start":{"line":26,"column":83},"end":{"line":26,"column":111}},"14":{"start":{"line":28,"column":2},"end":{"line":39,"column":4}},"15":{"start":{"line":32,"column":29},"end":{"line":32,"column":null}},"16":{"start":{"line":10,"column":13},"end":{"line":10,"column":28}}},"fnMap":{"0":{"name":"(anonymous_7)","decl":{"start":{"line":10,"column":28},"end":{"line":10,"column":29}},"loc":{"start":{"line":10,"column":67},"end":{"line":40,"column":1}}},"1":{"name":"(anonymous_8)","decl":{"start":{"line":14,"column":21},"end":{"line":14,"column":null}},"loc":{"start":{"line":14,"column":21},"end":{"line":15,"column":20}}},"2":{"name":"(anonymous_9)","decl":{"start":{"line":15,"column":25},"end":{"line":15,"column":26}},"loc":{"start":{"line":15,"column":38},"end":{"line":15,"column":null}}},"3":{"name":"(anonymous_10)","decl":{"start":{"line":26,"column":28},"end":{"line":26,"column":29}},"loc":{"start":{"line":26,"column":45},"end":{"line":26,"column":66}}},"4":{"name":"(anonymous_11)","decl":{"start":{"line":26,"column":72},"end":{"line":26,"column":73}},"loc":{"start":{"line":26,"column":78},"end":{"line":26,"column":88}}},"5":{"name":"(anonymous_12)","decl":{"start":{"line":32,"column":18},"end":{"line":32,"column":19}},"loc":{"start":{"line":32,"column":24},"end":{"line":32,"column":null}}}},"branchMap":{"0":{"loc":{"start":{"line":32,"column":38},"end":{"line":32,"column":112}},"type":"cond-expr","locations":[{"start":{"line":32,"column":89},"end":{"line":32,"column":93}},{"start":{"line":32,"column":93},"end":{"line":32,"column":112}}]},"1":{"loc":{"start":{"line":32,"column":38},"end":{"line":32,"column":93}},"type":"binary-expr","locations":[{"start":{"line":32,"column":38},"end":{"line":32,"column":93}},{"start":{"line":32,"column":89},"end":{"line":32,"column":93}}]},"2":{"loc":{"start":{"line":32,"column":56},"end":{"line":32,"column":88}},"type":"cond-expr","locations":[{"start":{"line":32,"column":82},"end":{"line":32,"column":86}},{"start":{"line":32,"column":86},"end":{"line":32,"column":88}}]},"3":{"loc":{"start":{"line":32,"column":56},"end":{"line":32,"column":86}},"type":"binary-expr","locations":[{"start":{"line":32,"column":56},"end":{"line":32,"column":86}},{"start":{"line":32,"column":82},"end":{"line":32,"column":86}}]},"4":{"loc":{"start":{"line":32,"column":56},"end":{"line":32,"column":82}},"type":"cond-expr","locations":[{"start":{"line":32,"column":75},"end":{"line":32,"column":77}},{"start":{"line":32,"column":75},"end":{"line":32,"column":82}}]},"5":{"loc":{"start":{"line":32,"column":56},"end":{"line":32,"column":77}},"type":"binary-expr","locations":[{"start":{"line":32,"column":56},"end":{"line":32,"column":77}},{"start":{"line":32,"column":75},"end":{"line":32,"column":77}}]}},"s":{"0":2,"1":2,"2":2,"3":2,"4":9,"5":9,"6":9,"7":9,"8":9,"9":9,"10":18,"11":9,"12":2,"13":4,"14":9,"15":2,"16":2},"f":{"0":9,"1":9,"2":18,"3":2,"4":4,"5":2},"b":{"0":[1,1],"1":[2,2],"2":[2,0],"3":[2,2],"4":[0,2],"5":[2,2]}}
[...]
1,"column":51},"end":{"line":58,"column":3}}},"4":{"name":"(anonymous_12)","decl":{"start":{"line":60,"column":12},"end":{"line":60,"column":null}},"loc":{"start":{"line":60,"column":12},"end":{"line":91,"column":3}}},"5":{"name":"(anonymous_13)","decl":{"start":{"line":68,"column":37},"end":{"line":68,"column":38}},"loc":{"start":{"line":68,"column":50},"end":{"line":88,"column":5}}},"6":{"name":"(anonymous_14)","decl":{"start":{"line":74,"column":43},"end":{"line":74,"column":44}},"loc":{"start":{"line":74,"column":55},"end":{"line":74,"column":61}}},"7":{"name":"(anonymous_15)","decl":{"start":{"line":93,"column":29},"end":{"line":93,"column":null}},"loc":{"start":{"line":98,"column":22},"end":{"line":101,"column":11}}},"8":{"name":"(anonymous_16)","decl":{"start":{"line":103,"column":11},"end":{"line":103,"column":12}},"loc":{"start":{"line":103,"column":23},"end":{"line":103,"column":31}}},"9":{"name":"(anonymous_17)","decl":{"start":{"line":107,"column":4},"end":{"line":107,"column":5}},"loc":{"start":{"line":107,"column":17},"end":{"line":125,"column":5}}}},"branchMap":{"0":{"loc":{"start":{"line":37,"column":37},"end":{"line":37,"column":62}},"type":"cond-expr","locations":[{"start":{"line":37,"column":56},"end":{"line":37,"column":60}},{"start":{"line":37,"column":60},"end":{"line":37,"column":62}}]},"1":{"loc":{"start":{"line":37,"column":37},"end":{"line":37,"column":60}},"type":"binary-expr","locations":[{"start":{"line":37,"column":37},"end":{"line":37,"column":60}},{"start":{"line":37,"column":56},"end":{"line":37,"column":60}}]},"2":{"loc":{"start":{"line":37,"column":37},"end":{"line":37,"column":56}},"type":"cond-expr","locations":[{"start":{"line":37,"column":48},"end":{"line":37,"column":50}},{"start":{"line":37,"column":37},"end":{"line":37,"column":56}}]},"3":{"loc":{"start":{"line":37,"column":37},"end":{"line":37,"column":50}},"type":"binary-expr","locations":[{"start":{"line":37,"column":37},"end":{"line":37,"column":50}},{"start":{"line":37,"column":37},"end":{"line":37,"column":50}}]},"4":{"loc":{"start":{"line":47,"column":19},"end":{"line":47,"column":59}},"type":"cond-expr","locations":[{"start":{"line":47,"column":30},"end":{"line":47,"column":47}},{"start":{"line":47,"column":50},"end":{"line":47,"column":59}}]},"5":{"loc":{"start":{"line":48,"column":21},"end":{"line":48,"column":89}},"type":"cond-expr","locations":[{"start":{"line":48,"column":32},"end":{"line":48,"column":62}},{"start":{"line":48,"column":65},"end":{"line":48,"column":89}}]},"6":{"loc":{"start":{"line":61,"column":4},"end":{"line":63,"column":null}},"type":"if","locations":[{"start":{"line":61,"column":4},"end":{"line":63,"column":null}}]},"7":{"loc":{"start":{"line":73,"column":6},"end":{"line":85,"column":null}},"type":"if","locations":[{"start":{"line":73,"column":6},"end":{"line":85,"column":null}},{"start":{"line":79,"column":13},"end":{"line":85,"column":null}}]},"8":{"loc":{"start":{"line":108,"column":58},"end":{"line":108,"column":71}},"type":"binary-expr","locations":[{"start":{"line":108,"column":58},"end":{"line":108,"column":65}},{"start":{"line":108,"column":69},"end":{"line":108,"column":71}}]}},"s":{"0":2,"1":2,"2":2,"3":2,"4":2,"5":2,"6":2,"7":2,"8":2,"9":10,"10":10,"11":10,"12":10,"13":10,"14":10,"15":10,"16":0,"17":10,"18":10,"19":10,"20":10,"21":4,"22":3,"23":1,"24":1,"25":1,"26":1,"27":1,"28":0,"29":0,"30":1,"31":1,"32":1,"33":10,"34":5,"35":5,"36":10,"37":10,"38":10,"39":10,"40":2},"f":{"0":10,"1":10,"2":0,"3":10,"4":4,"5":1,"6":0,"7":5,"8":5,"9":10},"b":{"0":[0,10],"1":[10,10],"2":[10,0],"3":[10,10],"4":[0,10],"5":[0,10],"6":[3],"7":[0,1],"8":[10,8]}}
,"F:\\Projects\\magister\\editor\\src\\hooks\\parse-tree-converter\\parse-tree-converter.ts": {"path":"F:\\Projects\\magister\\editor\\src\\hooks\\parse-tree-converter\\parse-tree-converter.ts","statementMap":{"0":{"start":{"line":2,"column":0},"end":{"line":2,"column":94}},"1":{"start":{"line":3,"column":0},"end":{"line":3,"column":44}},"2":{"start":{"line":6,"column":28},"end":{"line":6,"column":37}},"3":{"start":{"line":7,"column":32},"end":{"line":7,"column":41}},"4":{"start":{"line":14,"column":37},"end":{"line":76,"column":1}},"5":{"start":{"line":15,"column":8},"end":{"line":15,"column":67}},"6":{"start":{"line":15,"column":21},"end":{"line":15,"column":23}},"7":{"start":{"line":15,"column":38},"end":{"line":15,"column":42}},"8":{"start":{"line":16,"column":8},"end":{"line":16,"column":94}},"9":{"start":{"line":16,"column":22},"end":{"line":16,"column":24}},"10":{"start":{"line":16,"column":40},"end":{"line":16,"column":44}},"11":{"start":{"line":18,"column":32},"end":{"line":58,"column":3}},"12":{"start":{"line":19,"column":77},"end":{"line":19,"column":79}},"13":{"start":{"line":20,"column":4},"end":{"line":20,"column":40}},"14":{"start":{"line":22,"column":4},"end":{"line":57,"column":null}},"15":{"start":{"line":23,"column":43},"end":{"line":23,"column":55}},"16":{"start":{"line":23,"column":23},"end":{"line":23,"column":25}},"17":{"start":{"line":23,"column":30},"end":{"line":23,"column":32}},"18":{"start":{"line":23,"column":38},"end":{"line":23,"column":43}},"19":{"start":{"line":25,"column":6},"end":{"line":56,"column":null}},"20":{"start":{"line":25,"column":29},"end":{"line":25,"column":40}},"21":{"start":{"line":25,"column":38},"end":{"line":25,"column":40}},"22":{"start":{"line":25,"column":25},"end":{"line":25,"column":29}},"23":{"start":{"line":26,"column":19},"end":{"line":26,"column":31}},"24":{"start":{"line":28,"column":8},"end":{"line":37,"column":null}},"25":{"start":{"line":29,"column":10},"end":{"line":31,"column":null}},"26":{"start":{"line":30,"column":12},"end":{"line":30,"column":21}},"27":{"start":{"line":33,"column":24},"end":{"line":33,"column":54}},"28":{"start":{"line":34,"column":24},"end":{"line":34,"column":43}},"29":{"start":{"line":35,"column":29},"end":{"line":35,"column":56}},"30":{"start":{"line":36,"column":10},"end":{"line":36,"column":27}},"31":{"start":{"line":39,"column":8},"end":{"line":50,"column":null}},"32":{"start":{"line":40,"column":24},"end":{"line":40,"column":58}},"33":{"start":{"line":41,"column":24},"end":{"line":41,"column":47}},"34":{"start":{"line":42,"column":29},"end":{"line":42,"column":56}},"35":{"start":{"line":43,"column":10},"end":{"line":43,"column":27}},"36":{"start":{"line":45,"column":10},"end":{"line":49,"column":13}},"37":{"start":{"line":52,"column":8},"end":{"line":55,"column":null}},"38":{"start":{"line":53,"column":29},"end":{"line":53,"column":56}},"39":{"start":{"line":54,"column":10},"end":{"line":54,"column":27}},"40":{"start":{"line":60,"column":2},"end":{"line":73,"column":18}},"41":{"start":{"line":61,"column":26},"end":{"line":61,"column":28}},"42":{"start":{"line":62,"column":26},"end":{"line":62,"column":28}},"43":{"start":{"line":64,"column":4},"end":{"line":67,"column":null}},"44":{"start":{"line":65,"column":6},"end":{"line":65,"column":41}},"45":{"start":{"line":66,"column":6},"end":{"line":66,"column":13}},"46":{"start":{"line":69,"column":4},"end":{"line":69,"column":26}},"47":{"start":{"line":70,"column":4},"end":{"line":70,"column":51}},"48":{"start":{"line":71,"column":4},"end":{"line":71,"column":39}},"49":{"start":{"line":72,"column":4},"end":{"line":72,"column":27}},"50":{"start":{"line":75,"column":2},"end":{"line":75,"column":41}},"51":{"start":{"line":14,"column":13},"end":{"line":14,"column":37}}},"fnMap":{"0":{"name":"(anonymous_3)","decl":{"start":{"line":14,"column":37},"end":{"line":14,"column":38}},"loc":{"start":{"line":14,"column":58},"end":{"line":76,"column":1}}},"1":{"name":"(anonymous_4)","decl":{"start":{"line":18,"column":32},"end":{"line":18,"column":33}},"loc":{"start":{"line":18,"column":84},"end":{"line":58,"column":3}}},"2":{"name":"(anonymous_5)","decl":{"start":{"line":60,"column":12},"end":{"line":60,"column":null}},"loc":{"start":{"line":60,"column":12},"end":{"line":73,"column":3}}}},"branchMap":{"0":{"loc":{"start":{"line":28,"column":8},"end":{"line":37,"column":null}},"type":"if","locations":[{"start":{"line":28,"column":8},"end":{"line":37,"column":null}}]},"1":{"loc":{"start":{"line":29,"column":10},"end":{"line":31,"column":null}},"type":"if","locations":[{"start":{"line":29,"column":10},"end":{"line":31,"column":null}}]},"2":{"loc":{"start":{"line":39,"column":8},"end":{"line":50,"column":null}},"type":"if","locations":[{"start":{"line":39,"column":8},"end":{"line":50,"column":null}}]},"3":{"loc":{"start":{"line":52,"column":8},"end":{"line":55,"column":null}},"type":"if","locations":[{"start":{"line":52,"column":8},"end":{"line":55,"column":null}}]},"4":{"loc":{"start":{"line":64,"column":4},"end":{"line":67,"column":null}},"type":"if","locations":[{"start":{"line":64,"column":4},"end":{"line":67,"column":null}}]}},"s":{"0":3,"1":3,"2":3,"3":3,"4":3,"5":24,"6":24,"7":24,"8":24,"9":24,"10":24,"11":24,"12":9,"13":9,"14":9,"15":11,"16":11,"17":11,"18":11,"19":11,"20":11,"21":11,"22":13,"23":13,"24":13,"25":3,"26":0,"27":3,"28":3,"29":3,"30":3,"31":13,"32":2,"33":2,"34":2,"35":2,"36":2,"37":13,"38":4,"39":4,"40":24,"41":12,"42":12,"43":12,"44":3,"45":3,"46":9,"47":9,"48":9,"49":9,"50":24,"51":3},"f":{"0":24,"1":9,"2":12},"b":{"0":[3],"1":[0],"2":[2],"3":[4],"4":[3]}}
,"F:\\Projects\\magister\\editor\\src\\hooks\\parsing\\parsing.ts": {"path":"F:\\Projects\\magister\\editor\\src\\hooks\\parsing\\parsing.ts","statementMap":{"0":{"start":{"line":1,"column":0},"end":{"line":1,"column":52}},"1":{"start":{"line":2,"column":0},"end":{"line":2,"column":116}},"2":{"start":{"line":3,"column":0},"end":{"line":3,"column":70}},"3":{"start":{"line":15,"column":26},"end":{"line":73,"column":1}},"4":{"start":{"line":16,"column":27},"end":{"line":16,"column":54}},"5":{"start":{"line":17,"column":8},"end":{"line":17,"column":66}},"6":{"start":{"line":17,"column":20},"end":{"line":17,"column":22}},"7":{"start":{"line":17,"column":36},"end":{"line":17,"column":40}},"8":{"start":{"line":18,"column":8},"end":{"line":18,"column":61}},"9":{"start":{"line":18,"column":18},"end":{"line":18,"column":20}},"10":{"start":{"line":18,"column":32},"end":{"line":18,"column":36}},"11":{"start":{"line":19,"column":8},"end":{"line":19,"column":71}},"12":{"start":{"line":19,"column":23},"end":{"line":19,"column":25}},"13":{"start":{"line":19,"column":42},"end":{"line":19,"column":46}},"14":{"start":{"line":21,"column":29},"end":{"line":25,"column":3}},"15":{"start":{"line":21,"column":36},"end":{"line":21,"column":76}},"16":{"start":{"line":22,"column":4},"end":{"line":22,"column":44}},"17":{"start":{"line":23,"column":4},"end":{"line":23,"column":29}},"18":{"start":{"line":24,"column":4},"end":{"line":24,"column":23}},"19":{"start":{"line":27,"column":30},"end":{"line":30,"column":3}},"20":{"start":{"line":27,"column":37},"end":{"line":27,"column":78}},"21":{"start":{"line":28,"column":4},"end":{"line":28,"column":58}},"22":{"start":{"line":29,"column":4},"end":{"line":29,"column":24}},"23":{"start":{"line":32,"column":2},"end":{"line":50,"column":19}},"24":{"start":{"line":33,"column":4},"end":{"line":35,"column":null}},"25":{"start":{"line":34,"column":6},"end":{"line":34,"column":43}},"26":{"start":{"line":37,"column":4},"end":{"line":37,"column":28}},"27":{"start":{"line":38,"column":4},"end":{"line":38,"column":36}},"28":{"start":{"line":39,"column":4},"end":{"line":39,"column":78}},"29":{"start":{"line":40,"column":4},"end":{"line":40,"column":80}},"30":{"start":{"line":41,"column":4},"end":{"line":41,"column":60}},"31":{"start":{"line":43,"column":4},"end":{"line":49,"column":6}},"32":{"start":{"line":44,"column":6},"end":{"line":46,"column":null}},"33":{"start":{"line":45,"column":8},"end":{"line":45,"column":15}},"34":{"start":{"line":48,"column":6},"end":{"line":48,"column":43}},"35":{"start":{"line":52,"column":2},"end":{"line":66,"column":4}},"36":{"start":{"line":54,"column":6},"end":{"line":56,"column":null}},"37":{"start":{"line":55,"column":8},"end":{"line":55,"column":15}},"38":{"start":{"line":58,"column":6},"end":{"line":58,"column":25}},"39":{"start":{"line":59,"column":6},"end":{"line":59,"column":96}},"40":{"start":{"line":60,"column":6},"end":{"line":60,"column":63}},"41":{"start":{"line":68,"column":2},"end":{"line":71,"column":null}},"42":{"start":{"line":15,"column":13},"end":{"line":15,"column":26}}},"fnMap":{"0":{"name":"(anonymous_3)","decl":{"start":{"line":15,"column":26},"end":{"line":15,"column":27}},"loc":{"start":{"line":15,"column":63},"end":{"line":73,"column":1}}},"1":{"name":"(anonymous_4)","decl":{"start":{"line":21,"column":29},"end":{"line":21,"column":30}},"loc":{"start":{"line":21,"column":76},"end":{"line":25,"column":3}}},"2":{"name":"(anonymous_5)","decl":{"start":{"line":27,"column":30},"end":{"line":27,"column":31}},"loc":{"start":{"line":27,"column":78},"end":{"line":30,"column":3}}},"3":{"name":"(anonymous_6)","decl":{"start":{"line":32,"column":12},"end":{"line":32,"column":null}},"loc":{"start":{"line":32,"column":12},"end":{"line":50,"column":3}}},"4":{"name":"(anonymous_7)","decl":{"start":{"line":43,"column":11},"end":{"line":43,"column":null}},"loc":{"start":{"line":43,"column":11},"end":{"line":49,"column":5}}},"5":{"name":"(anonymous_8)","decl":{"start":{"line":53,"column":4},"end":{"line":53,"column":null}},"loc":{"start":{"line":53,"column":4},"end":{"line":61,"column":5}}}},"branchMap":{"0":{"loc":{"start":{"line":33,"column":4},"end":{"line":35,"column":null}},"type":"if","locations":[{"start":{"line":33,"column":4},"end":{"line":35,"column":null}}]},"1":{"loc":{"start":{"line":44,"column":6},"end":{"line":46,"column":null}},"type":"if","locations":[{"start":{"line":44,"column":6},"end":{"line":46,"column":null}}]},"2":{"loc":{"start":{"line":54,"column":6},"end":{"line":56,"column":null}},"type":"if","locations":[{"start":{"line":54,"column":6},"end":{"line":56,"column":null}}]},"3":{"loc":{"start":{"line":54,"column":10},"end":{"line":54,"column":61}},"type":"binary-expr","locations":[{"start":{"line":54,"column":10},"end":{"line":54,"column":43}},{"start":{"line":54,"column":47},"end":{"line":54,"column":61}}]}},"s":{"0":2,"1":2,"2":2,"3":2,"4":20,"5":20,"6":20,"7":20,"8":20,"9":20,"10":20,"11":20,"12":20,"13":20,"14":20,"15":5,"16":5,"17":5,"18":5,"19":20,"20":0,"21":0,"22":0,"23":20,"24":7,"25":0,"26":7,"27":7,"28":7,"29":7,"30":7,"31":7,"32":7,"33":0,"34":7,"35":20,"36":0,"37":0,"38":0,"39":0,"40":0,"41":20,"42":2},"f":{"0":20,"1":5,"2":0,"3":7,"4":7,"5":0},"b":{"0":[0],"1":[0],"2":[0],"3":[0,0]}}
,"F:\\Projects\\magister\\editor\\src\\icons\\check-icon\\check-icon.tsx": {"path":"F:\\Projects\\magister\\editor\\src\\icons\\check-icon\\check-icon.tsx","statementMap":{"0":{"start":{"line":1,"column":0},"end":{"line":1,"column":44}},"1":{"start":{"line":2,"column":0},"end":{"line":2,"column":89}},"2":{"start":{"line":4,"column":25},"end":{"line":4,"column":null}},"3":{"start":{"line":4,"column":67},"end":{"line":16,"column":2}},"4":{"start":{"line":4,"column":13},"end":{"line":4,"column":25}},"5":{"start":{"line":18,"column":0},"end":{"line":20,"column":2}}},"fnMap":{"0":{"name":"(anonymous_3)","decl":{"start":{"line":4,"column":25},"end":{"line":4,"column":26}},"loc":{"start":{"line":4,"column":48},"end":{"line":4,"column":null}}}},"branchMap":{},"s":{"0":2,"1":2,"2":2,"3":3,"4":2,"5":2},"f":{"0":3},"b":{}}
,"F:\\Projects\\magister\\editor\\src\\icons\\copy-success-icon\\copy-success-icon.tsx": {"path":"F:\\Projects\\magister\\editor\\src\\icons\\copy-success-icon\\copy-success-icon.tsx","statementMap":{"0":{"start":{"line":1,"column":0},"end":{"line":1,"column":44}},"1":{"start":{"line":2,"column":0},"end":{"line":2,"column":89}},"2":{"start":{"line":4,"column":31},"end":{"line":4,"column":null}},"3":{"start":{"line":4,"column":73},"end":{"line":16,"column":2}},"4":{"start":{"line":4,"column":13},"end":{"line":4,"column":31}},"5":{"start":{"line":18,"column":0},"end":{"line":20,"column":2}}},"fnMap":{"0":{"name":"(anonymous_3)","decl":{"start":{"line":4,"column":31},"end":{"line":4,"column":32}},"loc":{"start":{"line":4,"column":54},"end":{"line":4,"column":null}}}},"branchMap":{},"s":{"0":3,"1":3,"2":3,"3":3,"4":3,"5":3},"f":{"0":3},"b":{}}
,"F:\\Projects\\magister\\editor\\src\\icons\\exclamation-icon\\exclamation-icon.tsx": {"path":"F:\\Projects\\magister\\editor\\src\\icons\\exclamation-icon\\exclamation-icon.tsx","statementMap":{"0":{"start":{"line":1,"column":0},"end":{"line":1,"column":44}},"1":{"start":{"line":2,"column":0},"end":{"line":2,"column":89}},"2":{"start":{"line":4,"column":31},"end":{"line":4,"column":null}},"3":{"start":{"line":4,"column":73},"end":{"line":15,"column":2}},"4":{"start":{"line":4,"column":13},"end":{"line":4,"column":31}},"5":{"start":{"line":17,"column":0},"end":{"line":19,"column":2}}},"fnMap":{"0":{"name":"(anonymous_3)","decl":{"start":{"line":4,"column":31},"end":{"line":4,"column":32}},"loc":{"start":{"line":4,"column":54},"end":{"line":4,"column":null}}}},"branchMap":{},"s":{"0":2,"1":2,"2":2,"3":1,"4":2,"5":2},"f":{"0":1},"b":{}}
,"F:\\Projects\\magister\\editor\\src\\icons\\share-icon\\share-icon.tsx": {"path":"F:\\Projects\\magister\\editor\\src\\icons\\share-icon\\share-icon.tsx","statementMap":{"0":{"start":{"line":1,"column":0},"end":{"line":1,"column":44}},"1":{"start":{"line":2,"column":0},"end":{"line":2,"column":89}},"2":{"start":{"line":4,"column":25},"end":{"line":4,"column":null}},"3":{"start":{"line":4,"column":67},"end":{"line":16,"column":2}},"4":{"start":{"line":4,"column":13},"end":{"line":4,"column":25}},"5":{"start":{"line":18,"column":0},"end":{"line":20,"column":2}}},"fnMap":{"0":{"name":"(anonymous_3)","decl":{"start":{"line":4,"column":25},"end":{"line":4,"column":26}},"loc":{"start":{"line":4,"column":48},"end":{"line":4,"column":null}}}},"branchMap":{},"s":{"0":2,"1":2,"2":2,"3":10,"4":2,"5":2},"f":{"0":10},"b":{}}
,"F:\\Projects\\magister\\editor\\src\\icons\\spinner-icon\\spinner-icon.module.css": {"path":"F:\\Projects\\magister\\editor\\src\\icons\\spinner-icon\\spinner-icon.module.css","statementMap":{"0":{"start":{"line":1,"column":0},"end":{"line":1,"column":47}}},"fnMap":{},"branchMap":{},"s":{"0":6},"f":{},"b":{},"_coverageSchema":"1a1c01bbd47fc00a2c39e90264f33305004495a9","hash":"a585c41e7b6e2e6f60299de5b4df591ff9b49312"}
,"F:\\Projects\\magister\\editor\\src\\icons\\spinner-icon\\spinner-icon.tsx": {"path":"F:\\Projects\\magister\\editor\\src\\icons\\spinner-icon\\spinner-icon.tsx","statementMap":{"0":{"start":{"line":1,"column":0},"end":{"line":1,"column":44}},"1":{"start":{"line":2,"column":0},"end":{"line":2,"column":44}},"2":{"start":{"line":5,"column":27},"end":{"line":5,"column":null}},"3":{"start":{"line":5,"column":69},"end":{"line":29,"column":2}},"4":{"start":{"line":5,"column":13},"end":{"line":5,"column":27}},"5":{"start":{"line":31,"column":0},"end":{"line":34,"column":2}}},"fnMap":{"0":{"name":"(anonymous_1)","decl":{"start":{"line":5,"column":27},"end":{"line":5,"column":28}},"loc":{"start":{"line":5,"column":50},"end":{"line":5,"column":null}}}},"branchMap":{},"s":{"0":6,"1":6,"2":6,"3":34,"4":6,"5":6},"f":{"0":34},"b":{}}
,"F:\\Projects\\magister\\editor\\src\\icons\\types\\icon-shared-props.ts": {"path":"F:\\Projects\\magister\\editor\\src\\icons\\types\\icon-shared-props.ts","statementMap":{"0":{"start":{"line":7,"column":13},"end":{"line":11,"column":2}}},"fnMap":{},"branchMap":{},"s":{"0":4},"f":{},"b":{}}
,"F:\\Projects\\magister\\editor\\src\\utils\\is-function.ts": {"path":"F:\\Projects\\magister\\editor\\src\\utils\\is-function.ts","statementMap":{"0":{"start":{"line":1,"column":26},"end":{"line":1,"column":74}},"1":{"start":{"line":1,"column":67},"end":{"line":1,"column":96}},"2":{"start":{"line":1,"column":13},"end":{"line":1,"column":26}}},"fnMap":{"0":{"name":"(anonymous_0)","decl":{"start":{"line":1,"column":26},"end":{"line":1,"column":27}},"loc":{"start":{"line":1,"column":42},"end":{"line":1,"column":74}}}},"branchMap":{},"s":{"0":4,"1":14,"2":4},"f":{"0":14},"b":{}}
}
