TN:
SF:src\components\autocomplete\autocomplete.component.tsx
FN:17,(anonymous_9)
FN:31,(anonymous_10)
FN:37,(anonymous_11)
FN:45,(anonymous_12)
FN:52,(anonymous_13)
FN:54,(anonymous_14)
FN:75,(anonymous_15)
FN:85,(anonymous_16)
FN:90,(anonymous_17)
FN:95,(anonymous_18)
FN:97,(anonymous_19)
FN:98,(anonymous_20)
FN:99,(anonymous_21)
FN:102,(anonymous_22)
FN:118,(anonymous_23)
FN:130,(anonymous_24)
FN:139,(anonymous_25)
FN:154,(anonymous_26)
FN:169,(anonymous_27)
FN:177,(anonymous_28)
FN:185,(anonymous_29)
FN:211,(anonymous_30)
FN:214,(anonymous_31)
FN:219,(anonymous_32)
FN:227,(anonymous_33)
FN:227,(anonymous_34)
FN:229,(anonymous_35)
FN:231,(anonymous_36)
FN:233,(anonymous_37)
FNF:29
FNH:29
FNDA:62,(anonymous_9)
FNDA:2,(anonymous_10)
FNDA:32,(anonymous_11)
FNDA:2,(anonymous_12)
FNDA:26,(anonymous_13)
FNDA:9,(anonymous_14)
FNDA:28,(anonymous_15)
FNDA:64,(anonymous_16)
FNDA:28,(anonymous_17)
FNDA:8,(anonymous_18)
FNDA:28,(anonymous_19)
FNDA:26,(anonymous_20)
FNDA:28,(anonymous_21)
FNDA:10,(anonymous_22)
FNDA:12,(anonymous_23)
FNDA:1,(anonymous_24)
FNDA:2,(anonymous_25)
FNDA:3,(anonymous_26)
FNDA:1,(anonymous_27)
FNDA:1,(anonymous_28)
FNDA:9,(anonymous_29)
FNDA:46,(anonymous_30)
FNDA:46,(anonymous_31)
FNDA:23,(anonymous_32)
FNDA:62,(anonymous_33)
FNDA:32,(anonymous_34)
FNDA:62,(anonymous_35)
FNDA:62,(anonymous_36)
FNDA:62,(anonymous_37)
DA:1,2
DA:2,2
DA:3,2
DA:5,2
DA:17,2
DA:18,62
DA:19,62
DA:20,62
DA:21,62
DA:22,62
DA:24,62
DA:25,62
DA:26,62
DA:27,62
DA:28,62
DA:29,62
DA:31,62
DA:32,2
DA:33,2
DA:34,2
DA:37,62
DA:38,32
DA:40,32
DA:45,2
DA:52,62
DA:54,62
DA:55,9
DA:56,9
DA:58,9
DA:59,26
DA:60,2
DA:63,24
DA:64,24
DA:67,9
DA:72,9
DA:75,62
DA:76,28
DA:77,28
DA:79,28
DA:80,12
DA:83,16
DA:84,16
DA:85,64
DA:86,16
DA:87,16
DA:90,62
DA:95,62
DA:96,8
DA:97,28
DA:98,26
DA:99,28
DA:101,62
DA:103,10
DA:104,10
DA:106,10
DA:107,1
DA:108,1
DA:109,1
DA:112,9
DA:114,9
DA:115,1
DA:118,12
DA:119,8
DA:120,8
DA:121,8
DA:122,8
DA:129,62
DA:131,1
DA:132,1
DA:133,1
DA:138,62
DA:140,2
DA:142,2
DA:144,2
DA:145,1
DA:148,2
DA:153,62
DA:155,3
DA:157,3
DA:159,3
DA:160,1
DA:163,3
DA:168,62
DA:170,1
DA:171,1
DA:176,62
DA:178,1
DA:179,1
DA:184,62
DA:186,9
DA:187,7
DA:188,1
DA:191,7
DA:192,2
DA:195,7
DA:196,3
DA:199,7
DA:200,1
DA:203,2
DA:204,1
DA:211,62
DA:212,46
DA:214,46
DA:215,46
DA:219,62
DA:220,23
DA:221,8
DA:224,15
DA:227,62
DA:229,62
DA:231,62
DA:233,62
DA:238,62
DA:252,2
LF:114
LH:114
BRDA:34,0,0,0
BRDA:34,0,1,2
BRDA:34,1,0,2
BRDA:34,1,1,2
BRDA:38,2,0,18
BRDA:38,2,1,14
BRDA:59,3,0,2
BRDA:79,4,0,12
BRDA:79,5,0,28
BRDA:79,5,1,28
BRDA:106,6,0,1
BRDA:114,7,0,1
BRDA:120,8,0,8
BRDA:120,8,1,0
BRDA:144,9,0,1
BRDA:159,10,0,1
BRDA:186,11,0,7
BRDA:186,11,1,2
BRDA:187,12,0,1
BRDA:191,13,0,2
BRDA:195,14,0,3
BRDA:199,15,0,1
BRDA:203,16,0,1
BRDA:203,17,0,2
BRDA:203,17,1,1
BRDA:220,18,0,8
BRDA:229,19,0,60
BRDA:229,19,1,2
BRDA:229,20,0,62
BRDA:229,20,1,62
BRDA:229,21,0,2
BRDA:229,21,1,60
BRDA:229,22,0,62
BRDA:229,22,1,62
BRDA:231,23,0,60
BRDA:231,23,1,2
BRDA:231,24,0,62
BRDA:231,24,1,62
BRDA:231,25,0,2
BRDA:231,25,1,60
BRDA:231,26,0,62
BRDA:231,26,1,62
BRF:42
BRH:40
end_of_record
TN:
SF:src\components\autocomplete\autocomplete.module.css
FNF:0
FNH:0
DA:1,2
LF:1
LH:1
BRF:0
BRH:0
end_of_record
TN:
SF:src\components\button\button.component.tsx
FN:17,(anonymous_1)
FN:18,(anonymous_2)
FN:68,(anonymous_3)
FNF:3
FNH:3
FNDA:21,(anonymous_1)
FNDA:21,(anonymous_2)
FNDA:21,(anonymous_3)
DA:1,3
DA:2,3
DA:3,3
DA:4,3
DA:5,3
DA:17,3
DA:18,21
DA:19,21
DA:20,2
DA:29,19
DA:31,17
DA:44,1
DA:57,1
DA:68,21
DA:69,21
DA:70,3
DA:73,18
DA:74,3
DA:80,15
DA:83,21
DA:90,3
LF:21
LH:21
BRDA:19,0,0,2
BRDA:29,1,0,17
BRDA:29,1,1,1
BRDA:29,1,2,1
BRDA:69,2,0,3
BRDA:73,3,0,3
BRF:6
BRH:6
end_of_record
TN:
SF:src\components\button\button.module.css
FNF:0
FNH:0
DA:1,3
LF:1
LH:1
BRF:0
BRH:0
end_of_record
TN:
SF:src\components\button-group\button-group.module.css
FNF:0
FNH:0
DA:1,1
LF:1
LH:1
BRF:0
BRH:0
end_of_record
TN:
SF:src\components\button-group\button-group.tsx
FN:4,(anonymous_1)
FNF:1
FNH:1
FNDA:2,(anonymous_1)
DA:1,1
DA:2,1
DA:4,2
LF:3
LH:3
BRF:0
BRH:0
end_of_record
TN:
SF:src\components\button\types\button-icon-placement.enum.ts
FN:1,(anonymous_0)
FNF:1
FNH:1
FNDA:3,(anonymous_0)
DA:1,3
DA:2,3
DA:3,3
LF:3
LH:3
BRDA:1,0,0,3
BRDA:1,0,1,3
BRF:2
BRH:2
end_of_record
TN:
SF:src\components\code-editor\code-editor.module.css
FNF:0
FNH:0
DA:1,1
LF:1
LH:1
BRF:0
BRH:0
end_of_record
TN:
SF:src\components\code-editor\code-editor.tsx
FN:24,(anonymous_8)
FN:34,(anonymous_9)
FN:42,(anonymous_10)
FN:44,(anonymous_11)
FN:50,(anonymous_12)
FN:59,(anonymous_13)
FN:76,(anonymous_14)
FN:85,(anonymous_15)
FN:94,(anonymous_16)
FN:95,(anonymous_17)
FN:96,(anonymous_18)
FN:102,(anonymous_19)
FN:109,(anonymous_20)
FN:129,(anonymous_21)
FN:145,(anonymous_22)
FN:172,(anonymous_23)
FNF:16
FNH:8
FNDA:5,(anonymous_8)
FNDA:1,(anonymous_9)
FNDA:1,(anonymous_10)
FNDA:1,(anonymous_11)
FNDA:1,(anonymous_12)
FNDA:0,(anonymous_13)
FNDA:0,(anonymous_14)
FNDA:2,(anonymous_15)
FNDA:0,(anonymous_16)
FNDA:0,(anonymous_17)
FNDA:0,(anonymous_18)
FNDA:2,(anonymous_19)
FNDA:2,(anonymous_20)
FNDA:0,(anonymous_21)
FNDA:0,(anonymous_22)
FNDA:0,(anonymous_23)
DA:1,1
DA:2,1
DA:3,1
DA:4,1
DA:5,1
DA:6,1
DA:7,1
DA:8,1
DA:9,1
DA:10,1
DA:11,1
DA:13,1
DA:14,1
DA:15,1
DA:16,1
DA:17,1
DA:24,1
DA:25,5
DA:26,5
DA:27,5
DA:28,5
DA:29,5
DA:30,5
DA:31,5
DA:32,5
DA:34,5
DA:35,1
DA:36,1
DA:37,1
DA:38,1
DA:39,1
DA:42,5
DA:44,5
DA:45,1
DA:46,1
DA:47,1
DA:50,5
DA:51,1
DA:52,0
DA:55,1
DA:56,1
DA:59,5
DA:60,0
DA:61,0
DA:64,0
DA:66,0
DA:67,0
DA:68,0
DA:69,0
DA:72,0
DA:73,0
DA:76,5
DA:77,0
DA:78,0
DA:81,0
DA:82,0
DA:85,5
DA:86,2
DA:88,2
DA:89,0
DA:92,2
DA:94,2
DA:95,2
DA:96,2
DA:98,2
DA:99,2
DA:100,2
DA:102,2
DA:103,2
DA:104,2
DA:105,2
DA:109,5
DA:110,2
DA:111,2
DA:114,0
DA:117,5
DA:129,0
DA:145,0
DA:172,0
LF:79
LH:60
BRDA:51,0,0,0
BRDA:60,1,0,0
BRDA:66,2,0,0
BRDA:77,3,0,0
BRDA:77,4,0,0
BRDA:77,4,1,0
BRDA:88,5,0,0
BRDA:92,6,0,2
BRDA:92,6,1,0
BRDA:92,7,0,2
BRDA:92,7,1,2
BRDA:110,8,0,2
BRDA:128,9,0,5
BRDA:128,9,1,2
BRDA:134,10,0,5
BRDA:134,10,1,5
BRDA:150,11,0,0
BRDA:150,11,1,5
BRDA:150,12,0,5
BRDA:150,12,1,5
BRDA:150,13,0,5
BRDA:150,13,1,0
BRDA:150,14,0,5
BRDA:150,14,1,5
BRDA:151,15,0,5
BRDA:151,15,1,0
BRDA:151,16,0,5
BRDA:151,16,1,5
BRDA:157,17,0,0
BRDA:157,17,1,5
BRDA:157,18,0,5
BRDA:157,18,1,5
BRDA:157,19,0,5
BRDA:157,19,1,0
BRDA:157,20,0,5
BRDA:157,20,1,5
BRDA:163,21,0,5
BRDA:163,21,1,0
BRDA:164,22,0,0
BRDA:164,22,1,0
BRDA:164,23,0,0
BRDA:164,23,1,0
BRDA:164,24,0,0
BRDA:164,24,1,0
BRDA:164,25,0,0
BRDA:164,25,1,0
BRDA:169,26,0,5
BRDA:169,26,1,5
BRDA:170,27,0,0
BRDA:170,27,1,5
BRDA:170,28,0,5
BRDA:170,28,1,5
BRDA:170,29,0,5
BRDA:170,29,1,0
BRDA:170,30,0,5
BRDA:170,30,1,5
BRF:56
BRH:32
end_of_record
TN:
SF:src\components\code-editor\types\caret-data.ts
FNF:0
FNH:0
DA:11,2
LF:1
LH:1
BRF:0
BRH:0
end_of_record
TN:
SF:src\components\code-editor\types\code-editor-view-type.ts
FN:1,(anonymous_0)
FNF:1
FNH:1
FNDA:2,(anonymous_0)
DA:1,2
DA:2,2
DA:3,2
LF:3
LH:3
BRDA:1,0,0,2
BRDA:1,0,1,2
BRF:2
BRH:2
end_of_record
TN:
SF:src\components\errors-list\errors-list-item.tsx
FN:10,(anonymous_1)
FN:11,(anonymous_2)
FNF:2
FNH:2
FNDA:4,(anonymous_1)
FNDA:4,(anonymous_2)
DA:1,3
DA:2,3
DA:10,3
DA:11,4
DA:12,4
DA:14,4
LF:6
LH:6
BRF:0
BRH:0
end_of_record
TN:
SF:src\components\errors-list\errors-list.module.css
FNF:0
FNH:0
DA:1,3
LF:1
LH:1
BRF:0
BRH:0
end_of_record
TN:
SF:src\components\errors-list\errors-list.tsx
FN:15,(anonymous_1)
FN:59,(anonymous_2)
FNF:2
FNH:2
FNDA:9,(anonymous_1)
FNDA:2,(anonymous_2)
DA:1,2
DA:2,2
DA:4,2
DA:5,2
DA:6,2
DA:7,2
DA:15,2
DA:16,9
DA:17,4
DA:27,5
DA:28,1
DA:38,4
DA:39,3
DA:49,1
DA:59,2
LF:15
LH:15
BRDA:16,0,0,4
BRDA:27,1,0,1
BRDA:38,2,0,3
BRF:3
BRH:3
end_of_record
TN:
SF:src\components\examples-list\example-code.tsx
FN:16,(anonymous_1)
FN:17,(anonymous_2)
FN:24,(anonymous_3)
FN:34,(anonymous_4)
FN:38,(anonymous_5)
FNF:5
FNH:5
FNDA:39,(anonymous_1)
FNDA:54,(anonymous_2)
FNDA:8,(anonymous_3)
FNDA:17,(anonymous_4)
FNDA:39,(anonymous_5)
DA:1,4
DA:2,4
DA:3,4
DA:4,4
DA:5,4
DA:13,4
DA:14,4
DA:16,4
DA:17,54
DA:24,39
DA:32,8
DA:34,17
DA:38,39
DA:39,39
DA:41,39
LF:15
LH:15
BRF:0
BRH:0
end_of_record
TN:
SF:src\components\examples-list\example-element.tsx
FN:13,(anonymous_1)
FN:14,(anonymous_2)
FNF:2
FNH:2
FNDA:34,(anonymous_1)
FNDA:2,(anonymous_2)
DA:1,3
DA:3,3
DA:5,3
DA:13,34
DA:14,2
LF:5
LH:5
BRF:0
BRH:0
end_of_record
TN:
SF:src\components\examples-list\examples-list.module.css
FNF:0
FNH:0
DA:1,4
LF:1
LH:1
BRF:0
BRH:0
end_of_record
TN:
SF:src\components\examples-list\examples-list.tsx
FN:25,(anonymous_8)
FN:31,(anonymous_9)
FN:31,(anonymous_10)
FN:33,(anonymous_11)
FN:39,(anonymous_12)
FN:44,(anonymous_13)
FN:63,(anonymous_14)
FN:72,(anonymous_15)
FN:77,(anonymous_16)
FNF:9
FNH:9
FNDA:21,(anonymous_8)
FNDA:9,(anonymous_9)
FNDA:1,(anonymous_10)
FNDA:8,(anonymous_11)
FNDA:1,(anonymous_12)
FNDA:10,(anonymous_13)
FNDA:3,(anonymous_14)
FNDA:31,(anonymous_15)
FNDA:1,(anonymous_16)
DA:1,2
DA:3,2
DA:4,2
DA:6,2
DA:7,2
DA:8,2
DA:19,2
DA:25,2
DA:26,21
DA:27,21
DA:28,21
DA:29,21
DA:31,21
DA:33,21
DA:34,8
DA:35,8
DA:36,8
DA:39,21
DA:40,1
DA:41,1
DA:44,21
DA:45,10
DA:46,9
DA:47,9
DA:50,1
DA:51,1
DA:54,21
DA:63,3
DA:72,31
DA:77,1
LF:30
LH:30
BRDA:45,0,0,9
BRDA:66,1,0,6
BRDA:66,1,1,15
BRF:3
BRH:3
end_of_record
TN:
SF:src\components\parse-tree\parse-tree-view-options.ts
FNF:0
FNH:0
DA:3,2
LF:1
LH:1
BRF:0
BRH:0
end_of_record
TN:
SF:src\components\parse-tree\parse-tree-view.tsx
FN:14,(anonymous_7)
FN:19,(anonymous_8)
FN:31,(anonymous_9)
FNF:3
FNH:3
FNDA:20,(anonymous_7)
FNDA:20,(anonymous_8)
FNDA:20,(anonymous_9)
DA:1,2
DA:2,2
DA:4,2
DA:5,2
DA:6,2
DA:7,2
DA:14,20
DA:15,20
DA:16,20
DA:17,20
DA:19,20
DA:20,20
DA:21,0
DA:24,20
DA:25,20
DA:26,40
DA:27,20
DA:28,20
DA:29,20
DA:31,20
DA:32,20
DA:33,20
DA:37,20
LF:23
LH:22
BRDA:20,0,0,0
BRDA:24,1,0,20
BRDA:24,1,1,0
BRDA:24,2,0,20
BRDA:24,2,1,0
BRDA:28,3,0,0
BRDA:28,3,1,20
BRDA:28,4,0,20
BRDA:28,4,1,20
BRDA:29,5,0,0
BRDA:29,5,1,20
BRDA:29,6,0,20
BRDA:29,6,1,20
BRDA:32,7,0,0
BRDA:32,7,1,20
BRDA:32,8,0,20
BRDA:32,8,1,20
BRDA:39,9,0,4
BRDA:39,9,1,16
BRDA:39,10,0,20
BRDA:39,10,1,16
BRDA:46,11,0,4
BRDA:46,11,1,16
BRDA:46,12,0,20
BRDA:46,12,1,16
BRF:25
BRH:19
end_of_record
TN:
SF:src\components\parse-tree\parse-tree.module.css
FNF:0
FNH:0
DA:1,2
LF:1
LH:1
BRF:0
BRH:0
end_of_record
TN:
SF:src\components\share-button\share-button.tsx
FN:11,(anonymous_20)
FN:16,(anonymous_21)
FN:25,(anonymous_22)
FN:27,(anonymous_23)
FN:49,(anonymous_26)
FN:50,(anonymous_27)
FNF:6
FNH:6
FNDA:14,(anonymous_20)
FNDA:2,(anonymous_21)
FNDA:2,(anonymous_22)
FNDA:4,(anonymous_23)
FNDA:9,(anonymous_26)
FNDA:6,(anonymous_27)
DA:1,2
DA:2,2
DA:4,2
DA:5,2
DA:11,2
DA:12,14
DA:13,14
DA:14,14
DA:16,14
DA:17,2
DA:25,2
DA:27,16
DA:28,2
DA:29,2
DA:30,2
DA:31,2
DA:33,2
DA:34,1
DA:37,2
DA:38,1
DA:40,1
DA:43,2
DA:44,4
DA:45,2
DA:46,2
DA:49,14
DA:50,9
DA:53,14
LF:28
LH:28
BRDA:33,0,0,1
BRDA:37,1,0,1
BRDA:37,1,1,1
BRF:3
BRH:3
end_of_record
TN:
SF:src\components\view-select\view-select.module.css
FNF:0
FNH:0
DA:1,2
LF:1
LH:1
BRF:0
BRH:0
end_of_record
TN:
SF:src\components\view-select\view-select.tsx
FN:11,(anonymous_7)
FN:13,(anonymous_8)
FN:21,(anonymous_9)
FN:28,(anonymous_10)
FNF:4
FNH:4
FNDA:9,(anonymous_7)
FNDA:18,(anonymous_8)
FNDA:1,(anonymous_9)
FNDA:1,(anonymous_10)
DA:1,2
DA:2,2
DA:3,2
DA:11,9
DA:12,9
DA:14,18
DA:18,9
DA:21,1
DA:28,1
LF:9
LH:9
BRDA:14,0,0,9
BRDA:14,0,1,9
BRF:2
BRH:2
end_of_record
TN:
SF:src\components\worker-select\worker-select.module.css
FNF:0
FNH:0
DA:1,2
LF:1
LH:1
BRF:0
BRH:0
end_of_record
TN:
SF:src\components\worker-select\worker-select.tsx
FN:10,(anonymous_7)
FN:14,(anonymous_8)
FN:15,(anonymous_9)
FN:26,(anonymous_10)
FN:26,(anonymous_11)
FN:32,(anonymous_12)
FNF:6
FNH:6
FNDA:9,(anonymous_7)
FNDA:9,(anonymous_8)
FNDA:18,(anonymous_9)
FNDA:2,(anonymous_10)
FNDA:4,(anonymous_11)
FNDA:2,(anonymous_12)
DA:1,2
DA:2,2
DA:3,2
DA:10,9
DA:11,9
DA:12,9
DA:14,9
DA:15,18
DA:26,9
DA:28,9
DA:32,2
LF:11
LH:11
BRDA:32,0,0,1
BRDA:32,0,1,1
BRDA:32,1,0,2
BRDA:32,1,1,2
BRDA:32,2,0,2
BRDA:32,2,1,0
BRDA:32,3,0,2
BRDA:32,3,1,2
BRDA:32,4,0,0
BRDA:32,4,1,2
BRDA:32,5,0,2
BRDA:32,5,1,2
BRF:12
BRH:10
end_of_record
TN:
SF:src\hooks\code-loader\code-loader.ts
FN:4,(anonymous_1)
FN:8,(anonymous_2)
FNF:2
FNH:2
FNDA:8,(anonymous_1)
FNDA:4,(anonymous_2)
DA:1,2
DA:2,2
DA:4,2
DA:5,8
DA:6,8
DA:8,8
DA:9,4
DA:10,4
DA:11,4
DA:13,4
DA:14,3
DA:17,1
DA:18,1
DA:19,1
DA:22,8
LF:15
LH:15
BRDA:13,0,0,3
BRF:1
BRH:1
end_of_record
TN:
SF:src\hooks\debounce\debounce.ts
FN:5,(anonymous_1)
FN:8,(anonymous_2)
FN:9,(anonymous_3)
FN:13,(anonymous_4)
FNF:4
FNH:4
FNDA:26,(anonymous_1)
FNDA:12,(anonymous_2)
FNDA:3,(anonymous_3)
FNDA:12,(anonymous_4)
DA:1,3
DA:5,3
DA:6,26
DA:8,26
DA:9,12
DA:10,3
DA:13,12
DA:14,12
DA:18,26
LF:9
LH:9
BRF:0
BRH:0
end_of_record
TN:
SF:src\hooks\debounce\debounced-effect.ts
FN:7,(anonymous_4)
FN:12,(anonymous_5)
FN:19,(anonymous_6)
FN:30,(anonymous_7)
FN:37,(anonymous_8)
FNF:5
FNH:5
FNDA:88,(anonymous_4)
FNDA:39,(anonymous_5)
FNDA:53,(anonymous_6)
FNDA:14,(anonymous_7)
FNDA:53,(anonymous_8)
DA:1,4
DA:3,4
DA:4,4
DA:5,4
DA:7,4
DA:8,88
DA:9,88
DA:10,88
DA:12,88
DA:13,39
DA:19,88
DA:20,53
DA:22,53
DA:23,25
DA:25,25
DA:26,0
DA:30,53
DA:31,14
DA:32,1
DA:35,14
DA:37,53
LF:21
LH:20
BRDA:22,0,0,25
BRDA:25,1,0,0
BRDA:31,2,0,1
BRF:3
BRH:2
end_of_record
TN:
SF:src\hooks\debounce\types\debounced-effect-config.ts
FNF:0
FNH:0
DA:9,4
LF:1
LH:1
BRF:0
BRH:0
end_of_record
TN:
SF:src\hooks\debounce\types\effect-data.ts
FNF:0
FNH:0
DA:8,4
LF:1
LH:1
BRF:0
BRH:0
end_of_record
TN:
SF:src\hooks\encoding\encoding.ts
FN:10,(anonymous_7)
FN:11,(anonymous_8)
FN:16,(anonymous_9)
FNF:3
FNH:3
FNDA:23,(anonymous_7)
FNDA:5,(anonymous_8)
FNDA:4,(anonymous_9)
DA:1,4
DA:2,4
DA:3,4
DA:10,4
DA:11,23
DA:12,5
DA:13,5
DA:16,23
DA:17,4
DA:19,4
DA:20,1
DA:21,1
DA:22,1
DA:24,1
DA:25,2
DA:29,4
DA:30,4
DA:31,4
DA:34,23
LF:19
LH:19
BRDA:19,0,0,1
BRF:1
BRH:1
end_of_record
TN:
SF:src\hooks\highlights\highlight.module.css
FNF:0
FNH:0
DA:1,5
LF:1
LH:1
BRF:0
BRH:0
end_of_record
TN:
SF:src\hooks\highlights\highlights.tsx
FN:33,(anonymous_8)
FN:37,(anonymous_9)
FN:37,(anonymous_10)
FN:41,(anonymous_11)
FN:60,(anonymous_12)
FN:68,(anonymous_13)
FN:74,(anonymous_14)
FN:93,(anonymous_15)
FN:103,(anonymous_16)
FN:107,(anonymous_17)
FNF:10
FNH:8
FNDA:10,(anonymous_8)
FNDA:10,(anonymous_9)
FNDA:0,(anonymous_10)
FNDA:10,(anonymous_11)
FNDA:4,(anonymous_12)
FNDA:1,(anonymous_13)
FNDA:0,(anonymous_14)
FNDA:5,(anonymous_15)
FNDA:5,(anonymous_16)
FNDA:10,(anonymous_17)
DA:1,2
DA:2,2
DA:3,2
DA:4,2
DA:5,2
DA:17,2
DA:18,2
DA:20,2
DA:33,10
DA:34,10
DA:36,10
DA:37,10
DA:41,10
DA:42,10
DA:44,10
DA:60,10
DA:61,4
DA:62,3
DA:65,1
DA:66,1
DA:68,1
DA:69,1
DA:73,1
DA:74,0
DA:80,1
DA:87,1
DA:90,1
DA:93,10
DA:101,5
DA:103,5
DA:106,10
DA:108,10
DA:114,10
DA:129,10
LF:34
LH:33
BRDA:37,0,0,0
BRDA:37,0,1,10
BRDA:37,1,0,10
BRDA:37,1,1,10
BRDA:37,2,0,10
BRDA:37,2,1,0
BRDA:37,3,0,10
BRDA:37,3,1,10
BRDA:47,4,0,0
BRDA:47,4,1,10
BRDA:48,5,0,0
BRDA:48,5,1,10
BRDA:61,6,0,3
BRDA:73,7,0,0
BRDA:73,7,1,1
BRDA:108,8,0,10
BRDA:108,8,1,8
BRF:17
BRH:12
end_of_record
TN:
SF:src\hooks\parse-tree-converter\parse-tree-converter.ts
FN:14,(anonymous_3)
FN:18,(anonymous_4)
FN:60,(anonymous_5)
FNF:3
FNH:3
FNDA:24,(anonymous_3)
FNDA:9,(anonymous_4)
FNDA:12,(anonymous_5)
DA:2,3
DA:3,3
DA:6,3
DA:7,3
DA:14,3
DA:15,24
DA:16,24
DA:18,24
DA:19,9
DA:20,9
DA:22,9
DA:23,11
DA:25,13
DA:26,13
DA:28,13
DA:29,3
DA:30,0
DA:33,3
DA:34,3
DA:35,3
DA:36,3
DA:39,13
DA:40,2
DA:41,2
DA:42,2
DA:43,2
DA:45,2
DA:52,13
DA:53,4
DA:54,4
DA:60,24
DA:61,12
DA:62,12
DA:64,12
DA:65,3
DA:66,3
DA:69,9
DA:70,9
DA:71,9
DA:72,9
DA:75,24
LF:41
LH:40
BRDA:28,0,0,3
BRDA:29,1,0,0
BRDA:39,2,0,2
BRDA:52,3,0,4
BRDA:64,4,0,3
BRF:5
BRH:4
end_of_record
TN:
SF:src\hooks\parsing\parsing.ts
FN:15,(anonymous_3)
FN:21,(anonymous_4)
FN:27,(anonymous_5)
FN:32,(anonymous_6)
FN:43,(anonymous_7)
FN:53,(anonymous_8)
FNF:6
FNH:4
FNDA:20,(anonymous_3)
FNDA:5,(anonymous_4)
FNDA:0,(anonymous_5)
FNDA:7,(anonymous_6)
FNDA:7,(anonymous_7)
FNDA:0,(anonymous_8)
DA:1,2
DA:2,2
DA:3,2
DA:15,2
DA:16,20
DA:17,20
DA:18,20
DA:19,20
DA:21,20
DA:22,5
DA:23,5
DA:24,5
DA:27,20
DA:28,0
DA:29,0
DA:32,20
DA:33,7
DA:34,0
DA:37,7
DA:38,7
DA:39,7
DA:40,7
DA:41,7
DA:43,7
DA:44,7
DA:45,0
DA:48,7
DA:52,20
DA:54,0
DA:55,0
DA:58,0
DA:59,0
DA:60,0
DA:68,20
LF:34
LH:25
BRDA:33,0,0,0
BRDA:44,1,0,0
BRDA:54,2,0,0
BRDA:54,3,0,0
BRDA:54,3,1,0
BRF:5
BRH:0
end_of_record
TN:
SF:src\icons\check-icon\check-icon.tsx
FN:4,(anonymous_3)
FNF:1
FNH:1
FNDA:3,(anonymous_3)
DA:1,2
DA:2,2
DA:4,3
DA:18,2
LF:4
LH:4
BRF:0
BRH:0
end_of_record
TN:
SF:src\icons\copy-success-icon\copy-success-icon.tsx
FN:4,(anonymous_3)
FNF:1
FNH:1
FNDA:3,(anonymous_3)
DA:1,3
DA:2,3
DA:4,3
DA:18,3
LF:4
LH:4
BRF:0
BRH:0
end_of_record
TN:
SF:src\icons\exclamation-icon\exclamation-icon.tsx
FN:4,(anonymous_3)
FNF:1
FNH:1
FNDA:1,(anonymous_3)
DA:1,2
DA:2,2
DA:4,2
DA:17,2
LF:4
LH:4
BRF:0
BRH:0
end_of_record
TN:
SF:src\icons\share-icon\share-icon.tsx
FN:4,(anonymous_3)
FNF:1
FNH:1
FNDA:10,(anonymous_3)
DA:1,2
DA:2,2
DA:4,10
DA:18,2
LF:4
LH:4
BRF:0
BRH:0
end_of_record
TN:
SF:src\icons\spinner-icon\spinner-icon.module.css
FNF:0
FNH:0
DA:1,6
LF:1
LH:1
BRF:0
BRH:0
end_of_record
TN:
SF:src\icons\spinner-icon\spinner-icon.tsx
FN:5,(anonymous_1)
FNF:1
FNH:1
FNDA:34,(anonymous_1)
DA:1,6
DA:2,6
DA:5,34
DA:31,6
LF:4
LH:4
BRF:0
BRH:0
end_of_record
TN:
SF:src\icons\types\icon-shared-props.ts
FNF:0
FNH:0
DA:7,4
LF:1
LH:1
BRF:0
BRH:0
end_of_record
TN:
SF:src\utils\is-function.ts
FN:1,(anonymous_0)
FNF:1
FNH:1
FNDA:14,(anonymous_0)
DA:1,14
LF:1
LH:1
BRF:0
BRH:0
end_of_record
